ARM GAS  C:\Users\hamis\AppData\Local\Temp\cc9jSbtU.s 			page 1


   1              		.syntax unified
   2              		.cpu cortex-m3
   3              		.fpu softvfp
   4              		.eabi_attribute 20, 1
   5              		.eabi_attribute 21, 1
   6              		.eabi_attribute 23, 3
   7              		.eabi_attribute 24, 1
   8              		.eabi_attribute 25, 1
   9              		.eabi_attribute 26, 1
  10              		.eabi_attribute 30, 1
  11              		.eabi_attribute 34, 1
  12              		.eabi_attribute 18, 4
  13              		.thumb
  14              		.syntax unified
  15              		.file	"cyfitter_cfg.c"
  16              		.text
  17              	.Ltext0:
  18              		.cfi_sections	.debug_frame
  19              		.section	.text.CyClockStartupError,"ax",%progbits
  20              		.align	2
  21              		.thumb
  22              		.thumb_func
  23              		.type	CyClockStartupError, %function
  24              	CyClockStartupError:
  25              	.LFB3:
  26              		.file 1 "Generated_Source\\PSoC5\\cyfitter_cfg.c"
   1:Generated_Source\PSoC5/cyfitter_cfg.c **** 
   2:Generated_Source\PSoC5/cyfitter_cfg.c **** /*******************************************************************************
   3:Generated_Source\PSoC5/cyfitter_cfg.c **** * File Name: cyfitter_cfg.c
   4:Generated_Source\PSoC5/cyfitter_cfg.c **** * 
   5:Generated_Source\PSoC5/cyfitter_cfg.c **** * PSoC Creator  4.4
   6:Generated_Source\PSoC5/cyfitter_cfg.c **** *
   7:Generated_Source\PSoC5/cyfitter_cfg.c **** * Description:
   8:Generated_Source\PSoC5/cyfitter_cfg.c **** * This file contains device initialization code.
   9:Generated_Source\PSoC5/cyfitter_cfg.c **** * Except for the user defined sections in CyClockStartupError(), this file should not be modified.
  10:Generated_Source\PSoC5/cyfitter_cfg.c **** * This file is automatically generated by PSoC Creator.
  11:Generated_Source\PSoC5/cyfitter_cfg.c **** *
  12:Generated_Source\PSoC5/cyfitter_cfg.c **** ********************************************************************************
  13:Generated_Source\PSoC5/cyfitter_cfg.c **** * Copyright (c) 2007-2020 Cypress Semiconductor.  All rights reserved.
  14:Generated_Source\PSoC5/cyfitter_cfg.c **** * You may use this file only in accordance with the license, terms, conditions, 
  15:Generated_Source\PSoC5/cyfitter_cfg.c **** * disclaimers, and limitations in the end user license agreement accompanying 
  16:Generated_Source\PSoC5/cyfitter_cfg.c **** * the software package with which this file was provided.
  17:Generated_Source\PSoC5/cyfitter_cfg.c **** ********************************************************************************/
  18:Generated_Source\PSoC5/cyfitter_cfg.c **** 
  19:Generated_Source\PSoC5/cyfitter_cfg.c **** #include <string.h>
  20:Generated_Source\PSoC5/cyfitter_cfg.c **** #include "cytypes.h"
  21:Generated_Source\PSoC5/cyfitter_cfg.c **** #include "cydevice_trm.h"
  22:Generated_Source\PSoC5/cyfitter_cfg.c **** #include "cyfitter.h"
  23:Generated_Source\PSoC5/cyfitter_cfg.c **** #include "CyLib.h"
  24:Generated_Source\PSoC5/cyfitter_cfg.c **** #include "cyfitter_cfg.h"
  25:Generated_Source\PSoC5/cyfitter_cfg.c **** #include "cyapicallbacks.h"
  26:Generated_Source\PSoC5/cyfitter_cfg.c **** 
  27:Generated_Source\PSoC5/cyfitter_cfg.c **** #define CY_NEED_CYCLOCKSTARTUPERROR 1
  28:Generated_Source\PSoC5/cyfitter_cfg.c **** 
  29:Generated_Source\PSoC5/cyfitter_cfg.c **** 
  30:Generated_Source\PSoC5/cyfitter_cfg.c **** #if defined(__GNUC__) || defined(__ARMCC_VERSION)
  31:Generated_Source\PSoC5/cyfitter_cfg.c ****     #define CYPACKED 
ARM GAS  C:\Users\hamis\AppData\Local\Temp\cc9jSbtU.s 			page 2


  32:Generated_Source\PSoC5/cyfitter_cfg.c ****     #define CYPACKED_ATTR __attribute__ ((packed))
  33:Generated_Source\PSoC5/cyfitter_cfg.c ****     #define CYALIGNED __attribute__ ((aligned))
  34:Generated_Source\PSoC5/cyfitter_cfg.c ****     #define CY_CFG_UNUSED __attribute__ ((unused))
  35:Generated_Source\PSoC5/cyfitter_cfg.c ****     #ifndef CY_CFG_SECTION
  36:Generated_Source\PSoC5/cyfitter_cfg.c ****         #define CY_CFG_SECTION __attribute__ ((section(".psocinit")))
  37:Generated_Source\PSoC5/cyfitter_cfg.c ****     #endif
  38:Generated_Source\PSoC5/cyfitter_cfg.c ****     
  39:Generated_Source\PSoC5/cyfitter_cfg.c ****     #if defined(__ARMCC_VERSION)
  40:Generated_Source\PSoC5/cyfitter_cfg.c ****         #define CY_CFG_MEMORY_BARRIER() __memory_changed()
  41:Generated_Source\PSoC5/cyfitter_cfg.c ****     #else
  42:Generated_Source\PSoC5/cyfitter_cfg.c ****         #define CY_CFG_MEMORY_BARRIER() __sync_synchronize()
  43:Generated_Source\PSoC5/cyfitter_cfg.c ****     #endif
  44:Generated_Source\PSoC5/cyfitter_cfg.c ****     
  45:Generated_Source\PSoC5/cyfitter_cfg.c **** #elif defined(__ICCARM__)
  46:Generated_Source\PSoC5/cyfitter_cfg.c ****     #include <intrinsics.h>
  47:Generated_Source\PSoC5/cyfitter_cfg.c **** 
  48:Generated_Source\PSoC5/cyfitter_cfg.c ****     #define CYPACKED __packed
  49:Generated_Source\PSoC5/cyfitter_cfg.c ****     #define CYPACKED_ATTR 
  50:Generated_Source\PSoC5/cyfitter_cfg.c ****     #define CYALIGNED _Pragma("data_alignment=4")
  51:Generated_Source\PSoC5/cyfitter_cfg.c ****     #define CY_CFG_UNUSED _Pragma("diag_suppress=Pe177")
  52:Generated_Source\PSoC5/cyfitter_cfg.c ****     #define CY_CFG_SECTION _Pragma("location=\".psocinit\"")
  53:Generated_Source\PSoC5/cyfitter_cfg.c ****     
  54:Generated_Source\PSoC5/cyfitter_cfg.c ****     #define CY_CFG_MEMORY_BARRIER() __DMB()
  55:Generated_Source\PSoC5/cyfitter_cfg.c ****     
  56:Generated_Source\PSoC5/cyfitter_cfg.c **** #else
  57:Generated_Source\PSoC5/cyfitter_cfg.c ****     #error Unsupported toolchain
  58:Generated_Source\PSoC5/cyfitter_cfg.c **** #endif
  59:Generated_Source\PSoC5/cyfitter_cfg.c **** 
  60:Generated_Source\PSoC5/cyfitter_cfg.c **** #ifndef CYCODE
  61:Generated_Source\PSoC5/cyfitter_cfg.c ****     #define CYCODE
  62:Generated_Source\PSoC5/cyfitter_cfg.c **** #endif
  63:Generated_Source\PSoC5/cyfitter_cfg.c **** #ifndef CYDATA
  64:Generated_Source\PSoC5/cyfitter_cfg.c ****     #define CYDATA
  65:Generated_Source\PSoC5/cyfitter_cfg.c **** #endif
  66:Generated_Source\PSoC5/cyfitter_cfg.c **** #ifndef CYFAR
  67:Generated_Source\PSoC5/cyfitter_cfg.c ****     #define CYFAR
  68:Generated_Source\PSoC5/cyfitter_cfg.c **** #endif
  69:Generated_Source\PSoC5/cyfitter_cfg.c **** #ifndef CYXDATA
  70:Generated_Source\PSoC5/cyfitter_cfg.c ****     #define CYXDATA
  71:Generated_Source\PSoC5/cyfitter_cfg.c **** #endif
  72:Generated_Source\PSoC5/cyfitter_cfg.c **** 
  73:Generated_Source\PSoC5/cyfitter_cfg.c **** 
  74:Generated_Source\PSoC5/cyfitter_cfg.c **** CY_CFG_UNUSED
  75:Generated_Source\PSoC5/cyfitter_cfg.c **** static void CYMEMZERO(void *s, size_t n);
  76:Generated_Source\PSoC5/cyfitter_cfg.c **** CY_CFG_UNUSED
  77:Generated_Source\PSoC5/cyfitter_cfg.c **** static void CYMEMZERO(void *s, size_t n)
  78:Generated_Source\PSoC5/cyfitter_cfg.c **** {
  79:Generated_Source\PSoC5/cyfitter_cfg.c **** 	(void)memset(s, 0, n);
  80:Generated_Source\PSoC5/cyfitter_cfg.c **** }
  81:Generated_Source\PSoC5/cyfitter_cfg.c **** CY_CFG_UNUSED
  82:Generated_Source\PSoC5/cyfitter_cfg.c **** static void CYCONFIGCPY(void *dest, const void *src, size_t n);
  83:Generated_Source\PSoC5/cyfitter_cfg.c **** CY_CFG_UNUSED
  84:Generated_Source\PSoC5/cyfitter_cfg.c **** static void CYCONFIGCPY(void *dest, const void *src, size_t n)
  85:Generated_Source\PSoC5/cyfitter_cfg.c **** {
  86:Generated_Source\PSoC5/cyfitter_cfg.c **** 	(void)memcpy(dest, src, n);
  87:Generated_Source\PSoC5/cyfitter_cfg.c **** }
  88:Generated_Source\PSoC5/cyfitter_cfg.c **** CY_CFG_UNUSED
ARM GAS  C:\Users\hamis\AppData\Local\Temp\cc9jSbtU.s 			page 3


  89:Generated_Source\PSoC5/cyfitter_cfg.c **** static void CYCONFIGCPYCODE(void *dest, const void *src, size_t n);
  90:Generated_Source\PSoC5/cyfitter_cfg.c **** CY_CFG_UNUSED
  91:Generated_Source\PSoC5/cyfitter_cfg.c **** static void CYCONFIGCPYCODE(void *dest, const void *src, size_t n)
  92:Generated_Source\PSoC5/cyfitter_cfg.c **** {
  93:Generated_Source\PSoC5/cyfitter_cfg.c **** 	(void)memcpy(dest, src, n);
  94:Generated_Source\PSoC5/cyfitter_cfg.c **** }
  95:Generated_Source\PSoC5/cyfitter_cfg.c **** 
  96:Generated_Source\PSoC5/cyfitter_cfg.c **** 
  97:Generated_Source\PSoC5/cyfitter_cfg.c **** 
  98:Generated_Source\PSoC5/cyfitter_cfg.c **** 
  99:Generated_Source\PSoC5/cyfitter_cfg.c **** /* Clock startup error codes                                                   */
 100:Generated_Source\PSoC5/cyfitter_cfg.c **** #define CYCLOCKSTART_NO_ERROR    0u
 101:Generated_Source\PSoC5/cyfitter_cfg.c **** #define CYCLOCKSTART_XTAL_ERROR  1u
 102:Generated_Source\PSoC5/cyfitter_cfg.c **** #define CYCLOCKSTART_32KHZ_ERROR 2u
 103:Generated_Source\PSoC5/cyfitter_cfg.c **** #define CYCLOCKSTART_PLL_ERROR   3u
 104:Generated_Source\PSoC5/cyfitter_cfg.c **** #define CYCLOCKSTART_FLL_ERROR   4u
 105:Generated_Source\PSoC5/cyfitter_cfg.c **** #define CYCLOCKSTART_WCO_ERROR   5u
 106:Generated_Source\PSoC5/cyfitter_cfg.c **** 
 107:Generated_Source\PSoC5/cyfitter_cfg.c **** 
 108:Generated_Source\PSoC5/cyfitter_cfg.c **** #ifdef CY_NEED_CYCLOCKSTARTUPERROR
 109:Generated_Source\PSoC5/cyfitter_cfg.c **** /*******************************************************************************
 110:Generated_Source\PSoC5/cyfitter_cfg.c **** * Function Name: CyClockStartupError
 111:Generated_Source\PSoC5/cyfitter_cfg.c **** ********************************************************************************
 112:Generated_Source\PSoC5/cyfitter_cfg.c **** * Summary:
 113:Generated_Source\PSoC5/cyfitter_cfg.c **** *  If an error is encountered during clock configuration (crystal startup error,
 114:Generated_Source\PSoC5/cyfitter_cfg.c **** *  PLL lock error, etc.), the system will end up here.  Unless reimplemented by
 115:Generated_Source\PSoC5/cyfitter_cfg.c **** *  the customer, this function will stop in an infinite loop.
 116:Generated_Source\PSoC5/cyfitter_cfg.c **** *
 117:Generated_Source\PSoC5/cyfitter_cfg.c **** * Parameters:
 118:Generated_Source\PSoC5/cyfitter_cfg.c **** *   void
 119:Generated_Source\PSoC5/cyfitter_cfg.c **** *
 120:Generated_Source\PSoC5/cyfitter_cfg.c **** * Return:
 121:Generated_Source\PSoC5/cyfitter_cfg.c **** *   void
 122:Generated_Source\PSoC5/cyfitter_cfg.c **** *
 123:Generated_Source\PSoC5/cyfitter_cfg.c **** *******************************************************************************/
 124:Generated_Source\PSoC5/cyfitter_cfg.c **** CY_CFG_UNUSED
 125:Generated_Source\PSoC5/cyfitter_cfg.c **** static void CyClockStartupError(uint8 errorCode);
 126:Generated_Source\PSoC5/cyfitter_cfg.c **** CY_CFG_UNUSED
 127:Generated_Source\PSoC5/cyfitter_cfg.c **** static void CyClockStartupError(uint8 errorCode)
 128:Generated_Source\PSoC5/cyfitter_cfg.c **** {
  27              		.loc 1 128 0
  28              		.cfi_startproc
  29              		@ Volatile: function does not return.
  30              		@ args = 0, pretend = 0, frame = 0
  31              		@ frame_needed = 0, uses_anonymous_args = 0
  32              		@ link register save eliminated.
  33              	.LVL0:
  34              	.L2:
  35 0000 FEE7     		b	.L2
  36              		.cfi_endproc
  37              	.LFE3:
  38              		.size	CyClockStartupError, .-CyClockStartupError
  39 0002 00BF     		.section	.text.AnalogSetDefault,"ax",%progbits
  40              		.align	2
  41              		.thumb
  42              		.thumb_func
  43              		.type	AnalogSetDefault, %function
ARM GAS  C:\Users\hamis\AppData\Local\Temp\cc9jSbtU.s 			page 4


  44              	AnalogSetDefault:
  45              	.LFB5:
 129:Generated_Source\PSoC5/cyfitter_cfg.c ****     /* To remove the compiler warning if errorCode not used.                */
 130:Generated_Source\PSoC5/cyfitter_cfg.c ****     errorCode = errorCode;
 131:Generated_Source\PSoC5/cyfitter_cfg.c **** 
 132:Generated_Source\PSoC5/cyfitter_cfg.c ****     /* If we have a clock startup error (bad MHz crystal, PLL lock, etc.),  */
 133:Generated_Source\PSoC5/cyfitter_cfg.c ****     /* we will end up here to allow the customer to implement something to  */
 134:Generated_Source\PSoC5/cyfitter_cfg.c ****     /* deal with the clock condition.                                       */
 135:Generated_Source\PSoC5/cyfitter_cfg.c **** 
 136:Generated_Source\PSoC5/cyfitter_cfg.c **** #ifdef CY_CFG_CLOCK_STARTUP_ERROR_CALLBACK
 137:Generated_Source\PSoC5/cyfitter_cfg.c ****     CY_CFG_Clock_Startup_ErrorCallback();
 138:Generated_Source\PSoC5/cyfitter_cfg.c **** #else
 139:Generated_Source\PSoC5/cyfitter_cfg.c ****     /*  If not using CY_CFG_CLOCK_STARTUP_ERROR_CALLBACK, place your clock startup code here. */
 140:Generated_Source\PSoC5/cyfitter_cfg.c ****     /* `#START CyClockStartupError` */
 141:Generated_Source\PSoC5/cyfitter_cfg.c **** 
 142:Generated_Source\PSoC5/cyfitter_cfg.c **** 
 143:Generated_Source\PSoC5/cyfitter_cfg.c **** 
 144:Generated_Source\PSoC5/cyfitter_cfg.c ****     /* `#END` */
 145:Generated_Source\PSoC5/cyfitter_cfg.c **** 
 146:Generated_Source\PSoC5/cyfitter_cfg.c ****     while(1) {}
 147:Generated_Source\PSoC5/cyfitter_cfg.c **** #endif /* CY_CFG_CLOCK_STARTUP_ERROR_CALLBACK */
 148:Generated_Source\PSoC5/cyfitter_cfg.c **** }
 149:Generated_Source\PSoC5/cyfitter_cfg.c **** #endif
 150:Generated_Source\PSoC5/cyfitter_cfg.c **** 
 151:Generated_Source\PSoC5/cyfitter_cfg.c **** /* IOPINS0_0 Address: CYREG_PRT0_DR Size (bytes): 10 */
 152:Generated_Source\PSoC5/cyfitter_cfg.c **** #define BS_IOPINS0_0_VAL ((const uint8 CYFAR *)0x48000000u)
 153:Generated_Source\PSoC5/cyfitter_cfg.c **** 
 154:Generated_Source\PSoC5/cyfitter_cfg.c **** /* IOPINS0_1 Address: CYREG_PRT1_DM0 Size (bytes): 8 */
 155:Generated_Source\PSoC5/cyfitter_cfg.c **** #define BS_IOPINS0_1_VAL ((const uint8 CYFAR *)0x4800000Cu)
 156:Generated_Source\PSoC5/cyfitter_cfg.c **** 
 157:Generated_Source\PSoC5/cyfitter_cfg.c **** /* IOPINS0_2 Address: CYREG_PRT2_DM0 Size (bytes): 8 */
 158:Generated_Source\PSoC5/cyfitter_cfg.c **** #define BS_IOPINS0_2_VAL ((const uint8 CYFAR *)0x48000014u)
 159:Generated_Source\PSoC5/cyfitter_cfg.c **** 
 160:Generated_Source\PSoC5/cyfitter_cfg.c **** 
 161:Generated_Source\PSoC5/cyfitter_cfg.c **** /*******************************************************************************
 162:Generated_Source\PSoC5/cyfitter_cfg.c **** * Function Name: ClockSetup
 163:Generated_Source\PSoC5/cyfitter_cfg.c **** ********************************************************************************
 164:Generated_Source\PSoC5/cyfitter_cfg.c **** *
 165:Generated_Source\PSoC5/cyfitter_cfg.c **** * Summary:
 166:Generated_Source\PSoC5/cyfitter_cfg.c **** *  Performs the initialization of all of the clocks in the device based on the
 167:Generated_Source\PSoC5/cyfitter_cfg.c **** *  settings in the Clock tab of the DWR.  This includes enabling the requested
 168:Generated_Source\PSoC5/cyfitter_cfg.c **** *  clocks and setting the necessary dividers to produce the desired frequency. 
 169:Generated_Source\PSoC5/cyfitter_cfg.c **** *
 170:Generated_Source\PSoC5/cyfitter_cfg.c **** * Parameters:
 171:Generated_Source\PSoC5/cyfitter_cfg.c **** *  void
 172:Generated_Source\PSoC5/cyfitter_cfg.c **** *
 173:Generated_Source\PSoC5/cyfitter_cfg.c **** * Return:
 174:Generated_Source\PSoC5/cyfitter_cfg.c **** *  void
 175:Generated_Source\PSoC5/cyfitter_cfg.c **** *
 176:Generated_Source\PSoC5/cyfitter_cfg.c **** *******************************************************************************/
 177:Generated_Source\PSoC5/cyfitter_cfg.c **** static void ClockSetup(void);
 178:Generated_Source\PSoC5/cyfitter_cfg.c **** static void ClockSetup(void)
 179:Generated_Source\PSoC5/cyfitter_cfg.c **** {
 180:Generated_Source\PSoC5/cyfitter_cfg.c **** 	uint32 timeout;
 181:Generated_Source\PSoC5/cyfitter_cfg.c **** 
 182:Generated_Source\PSoC5/cyfitter_cfg.c **** 
 183:Generated_Source\PSoC5/cyfitter_cfg.c **** 	/* Configure ILO based on settings from Clock DWR */
ARM GAS  C:\Users\hamis\AppData\Local\Temp\cc9jSbtU.s 			page 5


 184:Generated_Source\PSoC5/cyfitter_cfg.c **** 	CY_SET_XTND_REG8((void CYFAR *)(CYREG_SLOWCLK_ILO_CR0), 0x06u);
 185:Generated_Source\PSoC5/cyfitter_cfg.c **** 
 186:Generated_Source\PSoC5/cyfitter_cfg.c **** 	/* Configure XTAL based on settings from Clock DWR */
 187:Generated_Source\PSoC5/cyfitter_cfg.c **** 	CY_SET_XTND_REG16((void CYFAR *)(CYREG_FASTCLK_XMHZ_CFG0), 0x3313u);
 188:Generated_Source\PSoC5/cyfitter_cfg.c **** 	CY_SET_XTND_REG8((void CYFAR *)(CYREG_FASTCLK_XMHZ_CSR), 0x05u);
 189:Generated_Source\PSoC5/cyfitter_cfg.c **** 	/* Wait up to 130000us for the XTAL to lock */
 190:Generated_Source\PSoC5/cyfitter_cfg.c **** 	CY_GET_XTND_REG8((void CYFAR *)CYREG_FASTCLK_XMHZ_CSR);
 191:Generated_Source\PSoC5/cyfitter_cfg.c **** 	for (timeout = 130000u / 10u; (timeout > 0u) && ((CY_GET_XTND_REG8((void CYFAR *)CYREG_FASTCLK_XMH
 192:Generated_Source\PSoC5/cyfitter_cfg.c **** 	{ 
 193:Generated_Source\PSoC5/cyfitter_cfg.c **** 		
 194:Generated_Source\PSoC5/cyfitter_cfg.c **** 		CyDelayCycles(10u * 48u); /* Delay 10us based on 48MHz clock */
 195:Generated_Source\PSoC5/cyfitter_cfg.c **** 	}
 196:Generated_Source\PSoC5/cyfitter_cfg.c **** 	if (timeout == 0u)
 197:Generated_Source\PSoC5/cyfitter_cfg.c **** 	{
 198:Generated_Source\PSoC5/cyfitter_cfg.c **** 		CyClockStartupError(CYCLOCKSTART_XTAL_ERROR);
 199:Generated_Source\PSoC5/cyfitter_cfg.c **** 	}
 200:Generated_Source\PSoC5/cyfitter_cfg.c **** 
 201:Generated_Source\PSoC5/cyfitter_cfg.c **** 	/* Configure Bus/Master Clock based on settings from Clock DWR */
 202:Generated_Source\PSoC5/cyfitter_cfg.c **** 	CY_SET_XTND_REG16((void CYFAR *)(CYREG_CLKDIST_MSTR0), 0x0200u);
 203:Generated_Source\PSoC5/cyfitter_cfg.c **** 
 204:Generated_Source\PSoC5/cyfitter_cfg.c **** 	/* Configure IMO based on settings from Clock DWR */
 205:Generated_Source\PSoC5/cyfitter_cfg.c **** 	CY_SET_XTND_REG8((void CYFAR *)(CYREG_FASTCLK_IMO_CR), 0x03u);
 206:Generated_Source\PSoC5/cyfitter_cfg.c **** 	CY_SET_XTND_REG8((void CYFAR *)(CYREG_IMO_TR1), (CY_GET_XTND_REG8((void CYFAR *)CYREG_FLSHID_CUST_
 207:Generated_Source\PSoC5/cyfitter_cfg.c **** 	CY_SET_XTND_REG8((void CYFAR *)(CYREG_CLKDIST_MSTR0), 0x07u);
 208:Generated_Source\PSoC5/cyfitter_cfg.c **** 	CY_SET_XTND_REG8((void CYFAR *)(CYREG_CLKDIST_BCFG0), 0x00u);
 209:Generated_Source\PSoC5/cyfitter_cfg.c **** 	CY_SET_XTND_REG8((void CYFAR *)(CYREG_CLKDIST_BCFG2), 0x48u);
 210:Generated_Source\PSoC5/cyfitter_cfg.c **** 	CY_SET_XTND_REG8((void CYFAR *)(CYREG_CLKDIST_MSTR0), 0x00u);
 211:Generated_Source\PSoC5/cyfitter_cfg.c **** 	CY_SET_XTND_REG8((void CYFAR *)(CYREG_CLKDIST_LD), 0x02u);
 212:Generated_Source\PSoC5/cyfitter_cfg.c **** }
 213:Generated_Source\PSoC5/cyfitter_cfg.c **** 
 214:Generated_Source\PSoC5/cyfitter_cfg.c **** 
 215:Generated_Source\PSoC5/cyfitter_cfg.c **** /* Analog API Functions */
 216:Generated_Source\PSoC5/cyfitter_cfg.c **** 
 217:Generated_Source\PSoC5/cyfitter_cfg.c **** 
 218:Generated_Source\PSoC5/cyfitter_cfg.c **** /*******************************************************************************
 219:Generated_Source\PSoC5/cyfitter_cfg.c **** * Function Name: AnalogSetDefault
 220:Generated_Source\PSoC5/cyfitter_cfg.c **** ********************************************************************************
 221:Generated_Source\PSoC5/cyfitter_cfg.c **** *
 222:Generated_Source\PSoC5/cyfitter_cfg.c **** * Summary:
 223:Generated_Source\PSoC5/cyfitter_cfg.c **** *  Sets up the analog portions of the chip to default values based on chip
 224:Generated_Source\PSoC5/cyfitter_cfg.c **** *  configuration options from the project.
 225:Generated_Source\PSoC5/cyfitter_cfg.c **** *
 226:Generated_Source\PSoC5/cyfitter_cfg.c **** * Parameters:
 227:Generated_Source\PSoC5/cyfitter_cfg.c **** *  void
 228:Generated_Source\PSoC5/cyfitter_cfg.c **** *
 229:Generated_Source\PSoC5/cyfitter_cfg.c **** * Return:
 230:Generated_Source\PSoC5/cyfitter_cfg.c **** *  void
 231:Generated_Source\PSoC5/cyfitter_cfg.c **** *
 232:Generated_Source\PSoC5/cyfitter_cfg.c **** *******************************************************************************/
 233:Generated_Source\PSoC5/cyfitter_cfg.c **** static void AnalogSetDefault(void);
 234:Generated_Source\PSoC5/cyfitter_cfg.c **** static void AnalogSetDefault(void)
 235:Generated_Source\PSoC5/cyfitter_cfg.c **** {
  46              		.loc 1 235 0
  47              		.cfi_startproc
  48              		@ args = 0, pretend = 0, frame = 0
  49              		@ frame_needed = 0, uses_anonymous_args = 0
  50              		@ link register save eliminated.
ARM GAS  C:\Users\hamis\AppData\Local\Temp\cc9jSbtU.s 			page 6


 236:Generated_Source\PSoC5/cyfitter_cfg.c **** 	uint8 bg_xover_inl_trim = CY_GET_XTND_REG8((void CYFAR *)(CYREG_FLSHID_MFG_CFG_BG_XOVER_INL_TRIM +
  51              		.loc 1 236 0
  52 0000 064B     		ldr	r3, .L4
  53 0002 1B78     		ldrb	r3, [r3]	@ zero_extendqisi2
  54 0004 DBB2     		uxtb	r3, r3
  55              	.LVL1:
 237:Generated_Source\PSoC5/cyfitter_cfg.c **** 	CY_SET_XTND_REG8((void CYFAR *)(CYREG_BG_DFT0), (bg_xover_inl_trim & 0x07u));
  56              		.loc 1 237 0
  57 0006 03F00701 		and	r1, r3, #7
  58 000a 054A     		ldr	r2, .L4+4
  59 000c 1170     		strb	r1, [r2]
 238:Generated_Source\PSoC5/cyfitter_cfg.c **** 	CY_SET_XTND_REG8((void CYFAR *)(CYREG_BG_DFT1), ((bg_xover_inl_trim >> 4) & 0x0Fu));
  60              		.loc 1 238 0
  61 000e 1B09     		lsrs	r3, r3, #4
  62              	.LVL2:
  63 0010 0132     		adds	r2, r2, #1
  64 0012 1370     		strb	r3, [r2]
 239:Generated_Source\PSoC5/cyfitter_cfg.c **** 	CY_SET_XTND_REG8((void CYFAR *)CYREG_PUMP_CR0, 0x44u);
  65              		.loc 1 239 0
  66 0014 4422     		movs	r2, #68
  67 0016 034B     		ldr	r3, .L4+8
  68 0018 1A70     		strb	r2, [r3]
  69 001a 7047     		bx	lr
  70              	.L5:
  71              		.align	2
  72              	.L4:
  73 001c CF010049 		.word	1224737231
  74 0020 6E580040 		.word	1073764462
  75 0024 76580040 		.word	1073764470
  76              		.cfi_endproc
  77              	.LFE5:
  78              		.size	AnalogSetDefault, .-AnalogSetDefault
  79              		.section	.text.CYMEMZERO,"ax",%progbits
  80              		.align	2
  81              		.thumb
  82              		.thumb_func
  83              		.type	CYMEMZERO, %function
  84              	CYMEMZERO:
  85              	.LFB0:
  78:Generated_Source\PSoC5/cyfitter_cfg.c **** 	(void)memset(s, 0, n);
  86              		.loc 1 78 0
  87              		.cfi_startproc
  88              		@ args = 0, pretend = 0, frame = 0
  89              		@ frame_needed = 0, uses_anonymous_args = 0
  90              	.LVL3:
  91 0000 08B5     		push	{r3, lr}
  92              		.cfi_def_cfa_offset 8
  93              		.cfi_offset 3, -8
  94              		.cfi_offset 14, -4
  79:Generated_Source\PSoC5/cyfitter_cfg.c **** }
  95              		.loc 1 79 0
  96 0002 0A46     		mov	r2, r1
  97 0004 0021     		movs	r1, #0
  98              	.LVL4:
  99 0006 FFF7FEFF 		bl	memset
 100              	.LVL5:
 101 000a 08BD     		pop	{r3, pc}
ARM GAS  C:\Users\hamis\AppData\Local\Temp\cc9jSbtU.s 			page 7


 102              		.cfi_endproc
 103              	.LFE0:
 104              		.size	CYMEMZERO, .-CYMEMZERO
 105              		.section	.text.ClockSetup,"ax",%progbits
 106              		.align	2
 107              		.thumb
 108              		.thumb_func
 109              		.type	ClockSetup, %function
 110              	ClockSetup:
 111              	.LFB4:
 179:Generated_Source\PSoC5/cyfitter_cfg.c **** 	uint32 timeout;
 112              		.loc 1 179 0
 113              		.cfi_startproc
 114              		@ args = 0, pretend = 0, frame = 0
 115              		@ frame_needed = 0, uses_anonymous_args = 0
 116 0000 10B5     		push	{r4, lr}
 117              		.cfi_def_cfa_offset 8
 118              		.cfi_offset 4, -8
 119              		.cfi_offset 14, -4
 184:Generated_Source\PSoC5/cyfitter_cfg.c **** 
 120              		.loc 1 184 0
 121 0002 0622     		movs	r2, #6
 122 0004 1B4B     		ldr	r3, .L14
 123 0006 1A70     		strb	r2, [r3]
 187:Generated_Source\PSoC5/cyfitter_cfg.c **** 	CY_SET_XTND_REG8((void CYFAR *)(CYREG_FASTCLK_XMHZ_CSR), 0x05u);
 124              		.loc 1 187 0
 125 0008 43F21332 		movw	r2, #13075
 126 000c EE3B     		subs	r3, r3, #238
 127 000e 1A80     		strh	r2, [r3]	@ movhi
 188:Generated_Source\PSoC5/cyfitter_cfg.c **** 	/* Wait up to 130000us for the XTAL to lock */
 128              		.loc 1 188 0
 129 0010 023B     		subs	r3, r3, #2
 130 0012 0522     		movs	r2, #5
 131 0014 1A70     		strb	r2, [r3]
 190:Generated_Source\PSoC5/cyfitter_cfg.c **** 	for (timeout = 130000u / 10u; (timeout > 0u) && ((CY_GET_XTND_REG8((void CYFAR *)CYREG_FASTCLK_XMH
 132              		.loc 1 190 0
 133 0016 1B78     		ldrb	r3, [r3]	@ zero_extendqisi2
 134              	.LVL6:
 191:Generated_Source\PSoC5/cyfitter_cfg.c **** 	{ 
 135              		.loc 1 191 0
 136 0018 43F2C824 		movw	r4, #13000
 137 001c 04E0     		b	.L9
 138              	.LVL7:
 139              	.L11:
 194:Generated_Source\PSoC5/cyfitter_cfg.c **** 	}
 140              		.loc 1 194 0 discriminator 4
 141 001e 4FF4F070 		mov	r0, #480
 142 0022 FFF7FEFF 		bl	CyDelayCycles
 143              	.LVL8:
 191:Generated_Source\PSoC5/cyfitter_cfg.c **** 	{ 
 144              		.loc 1 191 0 discriminator 4
 145 0026 013C     		subs	r4, r4, #1
 146              	.LVL9:
 147              	.L9:
 191:Generated_Source\PSoC5/cyfitter_cfg.c **** 	{ 
 148              		.loc 1 191 0 is_stmt 0 discriminator 1
 149 0028 24B1     		cbz	r4, .L10
ARM GAS  C:\Users\hamis\AppData\Local\Temp\cc9jSbtU.s 			page 8


 191:Generated_Source\PSoC5/cyfitter_cfg.c **** 	{ 
 150              		.loc 1 191 0 discriminator 3
 151 002a 134B     		ldr	r3, .L14+4
 152 002c 1B78     		ldrb	r3, [r3]	@ zero_extendqisi2
 153 002e 13F0800F 		tst	r3, #128
 154 0032 F4D1     		bne	.L11
 155              	.L10:
 196:Generated_Source\PSoC5/cyfitter_cfg.c **** 	{
 156              		.loc 1 196 0 is_stmt 1
 157 0034 14B9     		cbnz	r4, .L12
 198:Generated_Source\PSoC5/cyfitter_cfg.c **** 	}
 158              		.loc 1 198 0
 159 0036 0120     		movs	r0, #1
 160 0038 FFF7FEFF 		bl	CyClockStartupError
 161              	.LVL10:
 162              	.L12:
 202:Generated_Source\PSoC5/cyfitter_cfg.c **** 
 163              		.loc 1 202 0
 164 003c 0F4B     		ldr	r3, .L14+8
 165 003e 4FF40072 		mov	r2, #512
 166 0042 1A80     		strh	r2, [r3]	@ movhi
 205:Generated_Source\PSoC5/cyfitter_cfg.c **** 	CY_SET_XTND_REG8((void CYFAR *)(CYREG_IMO_TR1), (CY_GET_XTND_REG8((void CYFAR *)CYREG_FLSHID_CUST_
 167              		.loc 1 205 0
 168 0044 0321     		movs	r1, #3
 169 0046 02F14022 		add	r2, r2, #1073758208
 170 004a 1170     		strb	r1, [r2]
 206:Generated_Source\PSoC5/cyfitter_cfg.c **** 	CY_SET_XTND_REG8((void CYFAR *)(CYREG_CLKDIST_MSTR0), 0x07u);
 171              		.loc 1 206 0
 172 004c 0C4A     		ldr	r2, .L14+12
 173 004e 1278     		ldrb	r2, [r2]	@ zero_extendqisi2
 174 0050 D2B2     		uxtb	r2, r2
 175 0052 0C49     		ldr	r1, .L14+16
 176 0054 0A70     		strb	r2, [r1]
 207:Generated_Source\PSoC5/cyfitter_cfg.c **** 	CY_SET_XTND_REG8((void CYFAR *)(CYREG_CLKDIST_BCFG0), 0x00u);
 177              		.loc 1 207 0
 178 0056 0722     		movs	r2, #7
 179 0058 1A70     		strb	r2, [r3]
 208:Generated_Source\PSoC5/cyfitter_cfg.c **** 	CY_SET_XTND_REG8((void CYFAR *)(CYREG_CLKDIST_BCFG2), 0x48u);
 180              		.loc 1 208 0
 181 005a 0022     		movs	r2, #0
 182 005c A1F29B61 		subw	r1, r1, #1691
 183 0060 0A70     		strb	r2, [r1]
 209:Generated_Source\PSoC5/cyfitter_cfg.c **** 	CY_SET_XTND_REG8((void CYFAR *)(CYREG_CLKDIST_MSTR0), 0x00u);
 184              		.loc 1 209 0
 185 0062 4820     		movs	r0, #72
 186 0064 0231     		adds	r1, r1, #2
 187 0066 0870     		strb	r0, [r1]
 210:Generated_Source\PSoC5/cyfitter_cfg.c **** 	CY_SET_XTND_REG8((void CYFAR *)(CYREG_CLKDIST_LD), 0x02u);
 188              		.loc 1 210 0
 189 0068 1A70     		strb	r2, [r3]
 211:Generated_Source\PSoC5/cyfitter_cfg.c **** }
 190              		.loc 1 211 0
 191 006a 0222     		movs	r2, #2
 192 006c 033B     		subs	r3, r3, #3
 193 006e 1A70     		strb	r2, [r3]
 194 0070 10BD     		pop	{r4, pc}
 195              	.LVL11:
ARM GAS  C:\Users\hamis\AppData\Local\Temp\cc9jSbtU.s 			page 9


 196              	.L15:
 197 0072 00BF     		.align	2
 198              	.L14:
 199 0074 00430040 		.word	1073758976
 200 0078 10420040 		.word	1073758736
 201 007c 04400040 		.word	1073758212
 202 0080 08010049 		.word	1224737032
 203 0084 A1460040 		.word	1073759905
 204              		.cfi_endproc
 205              	.LFE4:
 206              		.size	ClockSetup, .-ClockSetup
 207              		.section	.text.CYCONFIGCPY,"ax",%progbits
 208              		.align	2
 209              		.thumb
 210              		.thumb_func
 211              		.type	CYCONFIGCPY, %function
 212              	CYCONFIGCPY:
 213              	.LFB1:
  85:Generated_Source\PSoC5/cyfitter_cfg.c **** 	(void)memcpy(dest, src, n);
 214              		.loc 1 85 0
 215              		.cfi_startproc
 216              		@ args = 0, pretend = 0, frame = 0
 217              		@ frame_needed = 0, uses_anonymous_args = 0
 218              	.LVL12:
 219 0000 08B5     		push	{r3, lr}
 220              		.cfi_def_cfa_offset 8
 221              		.cfi_offset 3, -8
 222              		.cfi_offset 14, -4
  86:Generated_Source\PSoC5/cyfitter_cfg.c **** }
 223              		.loc 1 86 0
 224 0002 FFF7FEFF 		bl	memcpy
 225              	.LVL13:
 226 0006 08BD     		pop	{r3, pc}
 227              		.cfi_endproc
 228              	.LFE1:
 229              		.size	CYCONFIGCPY, .-CYCONFIGCPY
 230              		.section	.text.SetAnalogRoutingPumps,"ax",%progbits
 231              		.align	2
 232              		.global	SetAnalogRoutingPumps
 233              		.thumb
 234              		.thumb_func
 235              		.type	SetAnalogRoutingPumps, %function
 236              	SetAnalogRoutingPumps:
 237              	.LFB6:
 240:Generated_Source\PSoC5/cyfitter_cfg.c **** }
 241:Generated_Source\PSoC5/cyfitter_cfg.c **** 
 242:Generated_Source\PSoC5/cyfitter_cfg.c **** 
 243:Generated_Source\PSoC5/cyfitter_cfg.c **** /*******************************************************************************
 244:Generated_Source\PSoC5/cyfitter_cfg.c **** * Function Name: SetAnalogRoutingPumps
 245:Generated_Source\PSoC5/cyfitter_cfg.c **** ********************************************************************************
 246:Generated_Source\PSoC5/cyfitter_cfg.c **** *
 247:Generated_Source\PSoC5/cyfitter_cfg.c **** * Summary:
 248:Generated_Source\PSoC5/cyfitter_cfg.c **** * Enables or disables the analog pumps feeding analog routing switches.
 249:Generated_Source\PSoC5/cyfitter_cfg.c **** * Intended to be called at startup, based on the Vdda system configuration;
 250:Generated_Source\PSoC5/cyfitter_cfg.c **** * may be called during operation when the user informs us that the Vdda voltage
 251:Generated_Source\PSoC5/cyfitter_cfg.c **** * crossed the pump threshold.
 252:Generated_Source\PSoC5/cyfitter_cfg.c **** *
ARM GAS  C:\Users\hamis\AppData\Local\Temp\cc9jSbtU.s 			page 10


 253:Generated_Source\PSoC5/cyfitter_cfg.c **** * Parameters:
 254:Generated_Source\PSoC5/cyfitter_cfg.c **** *  enabled - 1 to enable the pumps, 0 to disable the pumps
 255:Generated_Source\PSoC5/cyfitter_cfg.c **** *
 256:Generated_Source\PSoC5/cyfitter_cfg.c **** * Return:
 257:Generated_Source\PSoC5/cyfitter_cfg.c **** *  void
 258:Generated_Source\PSoC5/cyfitter_cfg.c **** *
 259:Generated_Source\PSoC5/cyfitter_cfg.c **** *******************************************************************************/
 260:Generated_Source\PSoC5/cyfitter_cfg.c **** void SetAnalogRoutingPumps(uint8 enabled)
 261:Generated_Source\PSoC5/cyfitter_cfg.c **** {
 238              		.loc 1 261 0
 239              		.cfi_startproc
 240              		@ args = 0, pretend = 0, frame = 0
 241              		@ frame_needed = 0, uses_anonymous_args = 0
 242              		@ link register save eliminated.
 243              	.LVL14:
 262:Generated_Source\PSoC5/cyfitter_cfg.c **** 	uint8 regValue = CY_GET_XTND_REG8((void CYFAR *)CYREG_PUMP_CR0);
 244              		.loc 1 262 0
 245 0000 024A     		ldr	r2, .L19
 246 0002 1378     		ldrb	r3, [r2]	@ zero_extendqisi2
 247 0004 DBB2     		uxtb	r3, r3
 248              	.LVL15:
 263:Generated_Source\PSoC5/cyfitter_cfg.c **** 	if (enabled != 0u)
 264:Generated_Source\PSoC5/cyfitter_cfg.c **** 	{
 265:Generated_Source\PSoC5/cyfitter_cfg.c **** 		regValue |= 0x00u;
 266:Generated_Source\PSoC5/cyfitter_cfg.c **** 	}
 267:Generated_Source\PSoC5/cyfitter_cfg.c **** 	else
 268:Generated_Source\PSoC5/cyfitter_cfg.c **** 	{
 269:Generated_Source\PSoC5/cyfitter_cfg.c **** 		regValue &= (uint8)~0x00u;
 270:Generated_Source\PSoC5/cyfitter_cfg.c **** 	}
 271:Generated_Source\PSoC5/cyfitter_cfg.c **** 	CY_SET_XTND_REG8((void CYFAR *)CYREG_PUMP_CR0, regValue);
 249              		.loc 1 271 0
 250 0006 1370     		strb	r3, [r2]
 251 0008 7047     		bx	lr
 252              	.L20:
 253 000a 00BF     		.align	2
 254              	.L19:
 255 000c 76580040 		.word	1073764470
 256              		.cfi_endproc
 257              	.LFE6:
 258              		.size	SetAnalogRoutingPumps, .-SetAnalogRoutingPumps
 259              		.section	.text.cyfitter_cfg,"ax",%progbits
 260              		.align	2
 261              		.global	cyfitter_cfg
 262              		.thumb
 263              		.thumb_func
 264              		.type	cyfitter_cfg, %function
 265              	cyfitter_cfg:
 266              	.LFB7:
 272:Generated_Source\PSoC5/cyfitter_cfg.c **** }
 273:Generated_Source\PSoC5/cyfitter_cfg.c **** 
 274:Generated_Source\PSoC5/cyfitter_cfg.c **** 
 275:Generated_Source\PSoC5/cyfitter_cfg.c **** 
 276:Generated_Source\PSoC5/cyfitter_cfg.c **** 
 277:Generated_Source\PSoC5/cyfitter_cfg.c **** /*******************************************************************************
 278:Generated_Source\PSoC5/cyfitter_cfg.c **** * Function Name: cyfitter_cfg
 279:Generated_Source\PSoC5/cyfitter_cfg.c **** ********************************************************************************
 280:Generated_Source\PSoC5/cyfitter_cfg.c **** * Summary:
ARM GAS  C:\Users\hamis\AppData\Local\Temp\cc9jSbtU.s 			page 11


 281:Generated_Source\PSoC5/cyfitter_cfg.c **** *  This function is called by the start-up code for the selected device. It
 282:Generated_Source\PSoC5/cyfitter_cfg.c **** *  performs all of the necessary device configuration based on the design
 283:Generated_Source\PSoC5/cyfitter_cfg.c **** *  settings.  This includes settings from the Design Wide Resources (DWR) such
 284:Generated_Source\PSoC5/cyfitter_cfg.c **** *  as Clocks and Pins as well as any component configuration that is necessary.
 285:Generated_Source\PSoC5/cyfitter_cfg.c **** *
 286:Generated_Source\PSoC5/cyfitter_cfg.c **** * Parameters:
 287:Generated_Source\PSoC5/cyfitter_cfg.c **** *   void
 288:Generated_Source\PSoC5/cyfitter_cfg.c **** *
 289:Generated_Source\PSoC5/cyfitter_cfg.c **** * Return:
 290:Generated_Source\PSoC5/cyfitter_cfg.c **** *   void
 291:Generated_Source\PSoC5/cyfitter_cfg.c **** *
 292:Generated_Source\PSoC5/cyfitter_cfg.c **** *******************************************************************************/
 293:Generated_Source\PSoC5/cyfitter_cfg.c **** 
 294:Generated_Source\PSoC5/cyfitter_cfg.c **** void cyfitter_cfg(void)
 295:Generated_Source\PSoC5/cyfitter_cfg.c **** {
 267              		.loc 1 295 0
 268              		.cfi_startproc
 269              		@ args = 0, pretend = 0, frame = 0
 270              		@ frame_needed = 0, uses_anonymous_args = 0
 271 0000 38B5     		push	{r3, r4, r5, lr}
 272              		.cfi_def_cfa_offset 16
 273              		.cfi_offset 3, -16
 274              		.cfi_offset 4, -12
 275              		.cfi_offset 5, -8
 276              		.cfi_offset 14, -4
 296:Generated_Source\PSoC5/cyfitter_cfg.c **** #ifdef CYGlobalIntDisable
 297:Generated_Source\PSoC5/cyfitter_cfg.c **** 	/* Disable interrupts by default. Let user enable if/when they want. */
 298:Generated_Source\PSoC5/cyfitter_cfg.c **** 	CYGlobalIntDisable
 277              		.loc 1 298 0
 278              		.syntax unified
 279              	@ 298 "Generated_Source\PSoC5\cyfitter_cfg.c" 1
 280 0002 72B6     		CPSID   i
 281              	@ 0 "" 2
 282              	.LVL16:
 283              		.thumb
 284              		.syntax unified
 285              	.LBB2:
 299:Generated_Source\PSoC5/cyfitter_cfg.c **** #endif
 300:Generated_Source\PSoC5/cyfitter_cfg.c **** 
 301:Generated_Source\PSoC5/cyfitter_cfg.c **** 	{
 302:Generated_Source\PSoC5/cyfitter_cfg.c **** 
 303:Generated_Source\PSoC5/cyfitter_cfg.c **** 		CYPACKED typedef struct {
 304:Generated_Source\PSoC5/cyfitter_cfg.c **** 			void CYFAR *address;
 305:Generated_Source\PSoC5/cyfitter_cfg.c **** 			uint16 size;
 306:Generated_Source\PSoC5/cyfitter_cfg.c **** 		} CYPACKED_ATTR cfg_memset_t;
 307:Generated_Source\PSoC5/cyfitter_cfg.c **** 
 308:Generated_Source\PSoC5/cyfitter_cfg.c **** 		static const cfg_memset_t CYCODE cfg_memset_list[] = {
 309:Generated_Source\PSoC5/cyfitter_cfg.c **** 			/* address, size */
 310:Generated_Source\PSoC5/cyfitter_cfg.c **** 			{(void CYFAR *)(CYREG_PRT3_DR), 64u},
 311:Generated_Source\PSoC5/cyfitter_cfg.c **** 			{(void CYFAR *)(CYREG_PRT12_DR), 16u},
 312:Generated_Source\PSoC5/cyfitter_cfg.c **** 			{(void CYFAR *)(CYREG_PRT15_DR), 16u},
 313:Generated_Source\PSoC5/cyfitter_cfg.c **** 			{(void CYFAR *)(CYDEV_UCFG_B0_P0_U0_BASE), 4096u},
 314:Generated_Source\PSoC5/cyfitter_cfg.c **** 			{(void CYFAR *)(CYDEV_UCFG_B1_P2_U0_BASE), 2048u},
 315:Generated_Source\PSoC5/cyfitter_cfg.c **** 			{(void CYFAR *)(CYDEV_UCFG_DSI0_BASE), 2560u},
 316:Generated_Source\PSoC5/cyfitter_cfg.c **** 			{(void CYFAR *)(CYDEV_UCFG_DSI12_BASE), 512u},
 317:Generated_Source\PSoC5/cyfitter_cfg.c **** 			{(void CYFAR *)(CYREG_BCTL0_MDCLK_EN), 32u},
 318:Generated_Source\PSoC5/cyfitter_cfg.c **** 		};
ARM GAS  C:\Users\hamis\AppData\Local\Temp\cc9jSbtU.s 			page 12


 319:Generated_Source\PSoC5/cyfitter_cfg.c **** 
 320:Generated_Source\PSoC5/cyfitter_cfg.c **** 		uint8 CYDATA i;
 321:Generated_Source\PSoC5/cyfitter_cfg.c **** 
 322:Generated_Source\PSoC5/cyfitter_cfg.c **** 		/* Zero out critical memory blocks before beginning configuration */
 323:Generated_Source\PSoC5/cyfitter_cfg.c **** 		for (i = 0u; i < (sizeof(cfg_memset_list)/sizeof(cfg_memset_list[0])); i++)
 286              		.loc 1 323 0
 287 0004 0024     		movs	r4, #0
 288 0006 0CE0     		b	.L22
 289              	.LVL17:
 290              	.L23:
 291              	.LBB3:
 324:Generated_Source\PSoC5/cyfitter_cfg.c **** 		{
 325:Generated_Source\PSoC5/cyfitter_cfg.c **** 			const cfg_memset_t CYCODE * CYDATA ms = &cfg_memset_list[i];
 326:Generated_Source\PSoC5/cyfitter_cfg.c **** 			CYMEMZERO(ms->address, (size_t)(uint32)(ms->size));
 292              		.loc 1 326 0 discriminator 3
 293 0008 1F4D     		ldr	r5, .L25
 294 000a 6300     		lsls	r3, r4, #1
 295 000c 1919     		adds	r1, r3, r4
 296 000e 4A00     		lsls	r2, r1, #1
 297 0010 1146     		mov	r1, r2
 298 0012 2A44     		add	r2, r2, r5
 299 0014 0846     		mov	r0, r1
 300 0016 9188     		ldrh	r1, [r2, #4]
 301 0018 2858     		ldr	r0, [r5, r0]	@ unaligned
 302 001a FFF7FEFF 		bl	CYMEMZERO
 303              	.LVL18:
 304              	.LBE3:
 323:Generated_Source\PSoC5/cyfitter_cfg.c **** 		{
 305              		.loc 1 323 0 discriminator 3
 306 001e 0134     		adds	r4, r4, #1
 307              	.LVL19:
 308 0020 E4B2     		uxtb	r4, r4
 309              	.LVL20:
 310              	.L22:
 323:Generated_Source\PSoC5/cyfitter_cfg.c **** 		{
 311              		.loc 1 323 0 is_stmt 0 discriminator 1
 312 0022 072C     		cmp	r4, #7
 313 0024 F0D9     		bls	.L23
 327:Generated_Source\PSoC5/cyfitter_cfg.c **** 		}
 328:Generated_Source\PSoC5/cyfitter_cfg.c **** 
 329:Generated_Source\PSoC5/cyfitter_cfg.c **** 		/* Enable digital routing */
 330:Generated_Source\PSoC5/cyfitter_cfg.c **** 		CY_SET_XTND_REG8((void CYFAR *)CYREG_BCTL0_BANK_CTL, CY_GET_XTND_REG8((void CYFAR *)CYREG_BCTL0_B
 314              		.loc 1 330 0 is_stmt 1
 315 0026 194A     		ldr	r2, .L25+4
 316 0028 1378     		ldrb	r3, [r2]	@ zero_extendqisi2
 317 002a 43F00203 		orr	r3, r3, #2
 318 002e 1370     		strb	r3, [r2]
 331:Generated_Source\PSoC5/cyfitter_cfg.c **** 		CY_SET_XTND_REG8((void CYFAR *)CYREG_BCTL1_BANK_CTL, CY_GET_XTND_REG8((void CYFAR *)CYREG_BCTL1_B
 319              		.loc 1 331 0
 320 0030 1032     		adds	r2, r2, #16
 321 0032 1378     		ldrb	r3, [r2]	@ zero_extendqisi2
 322 0034 43F00203 		orr	r3, r3, #2
 323 0038 1370     		strb	r3, [r2]
 324              	.LBE2:
 332:Generated_Source\PSoC5/cyfitter_cfg.c **** 	}
 333:Generated_Source\PSoC5/cyfitter_cfg.c **** 
 334:Generated_Source\PSoC5/cyfitter_cfg.c **** 
ARM GAS  C:\Users\hamis\AppData\Local\Temp\cc9jSbtU.s 			page 13


 335:Generated_Source\PSoC5/cyfitter_cfg.c **** 	/* Perform second pass device configuration. These items must be configured in specific order afte
 336:Generated_Source\PSoC5/cyfitter_cfg.c **** 	CYCONFIGCPY((void CYFAR *)(CYREG_PRT0_DR), (const void CYFAR *)(BS_IOPINS0_0_VAL), 10u);
 325              		.loc 1 336 0
 326 003a 0A22     		movs	r2, #10
 327 003c 4FF09041 		mov	r1, #1207959552
 328 0040 1348     		ldr	r0, .L25+8
 329 0042 FFF7FEFF 		bl	CYCONFIGCPY
 330              	.LVL21:
 337:Generated_Source\PSoC5/cyfitter_cfg.c **** 	CYCONFIGCPY((void CYFAR *)(CYREG_PRT1_DM0), (const void CYFAR *)(BS_IOPINS0_1_VAL), 8u);
 331              		.loc 1 337 0
 332 0046 0822     		movs	r2, #8
 333 0048 1249     		ldr	r1, .L25+12
 334 004a 1348     		ldr	r0, .L25+16
 335 004c FFF7FEFF 		bl	CYCONFIGCPY
 336              	.LVL22:
 338:Generated_Source\PSoC5/cyfitter_cfg.c **** 	CYCONFIGCPY((void CYFAR *)(CYREG_PRT2_DM0), (const void CYFAR *)(BS_IOPINS0_2_VAL), 8u);
 337              		.loc 1 338 0
 338 0050 0822     		movs	r2, #8
 339 0052 1249     		ldr	r1, .L25+20
 340 0054 1248     		ldr	r0, .L25+24
 341 0056 FFF7FEFF 		bl	CYCONFIGCPY
 342              	.LVL23:
 339:Generated_Source\PSoC5/cyfitter_cfg.c **** 	/* Switch Boost to the precision bandgap reference from its internal reference */
 340:Generated_Source\PSoC5/cyfitter_cfg.c **** 	CY_SET_REG8((void CYXDATA *)CYREG_BOOST_CR2, (CY_GET_REG8((void CYXDATA *)CYREG_BOOST_CR2) | 0x08u
 343              		.loc 1 340 0
 344 005a 124A     		ldr	r2, .L25+28
 345 005c 1378     		ldrb	r3, [r2]	@ zero_extendqisi2
 346 005e 43F00803 		orr	r3, r3, #8
 347 0062 1370     		strb	r3, [r2]
 341:Generated_Source\PSoC5/cyfitter_cfg.c **** 
 342:Generated_Source\PSoC5/cyfitter_cfg.c **** 	/* Set Flash Cycles based on max possible frequency in case a glitch occurs during ClockSetup(). *
 343:Generated_Source\PSoC5/cyfitter_cfg.c **** 	CY_SET_XTND_REG8((void CYFAR *)(CYREG_CACHE_CC_CTL), (((CYDEV_INSTRUCT_CACHE_ENABLED) != 0) ? 0x61
 348              		.loc 1 343 0
 349 0064 104C     		ldr	r4, .L25+32
 350              	.LVL24:
 351 0066 6123     		movs	r3, #97
 352 0068 2370     		strb	r3, [r4]
 344:Generated_Source\PSoC5/cyfitter_cfg.c **** 	/* Setup clocks based on selections from Clock DWR */
 345:Generated_Source\PSoC5/cyfitter_cfg.c **** 	ClockSetup();
 353              		.loc 1 345 0
 354 006a FFF7FEFF 		bl	ClockSetup
 355              	.LVL25:
 346:Generated_Source\PSoC5/cyfitter_cfg.c **** 	/* Set Flash Cycles based on newly configured 24.00MHz Bus Clock. */
 347:Generated_Source\PSoC5/cyfitter_cfg.c **** 	CY_SET_XTND_REG8((void CYFAR *)(CYREG_CACHE_CC_CTL), (((CYDEV_INSTRUCT_CACHE_ENABLED) != 0) ? 0x81
 356              		.loc 1 347 0
 357 006e 8123     		movs	r3, #129
 358 0070 2370     		strb	r3, [r4]
 348:Generated_Source\PSoC5/cyfitter_cfg.c **** 	CY_SET_XTND_REG8((void CYFAR *)(CYREG_PANTHER_WAITPIPE), 0x01u);
 359              		.loc 1 348 0
 360 0072 0122     		movs	r2, #1
 361 0074 0D4B     		ldr	r3, .L25+36
 362 0076 1A70     		strb	r2, [r3]
 349:Generated_Source\PSoC5/cyfitter_cfg.c **** 
 350:Generated_Source\PSoC5/cyfitter_cfg.c **** 	/* Perform basic analog initialization to defaults */
 351:Generated_Source\PSoC5/cyfitter_cfg.c **** 	AnalogSetDefault();
 363              		.loc 1 351 0
 364 0078 FFF7FEFF 		bl	AnalogSetDefault
ARM GAS  C:\Users\hamis\AppData\Local\Temp\cc9jSbtU.s 			page 14


 365              	.LVL26:
 352:Generated_Source\PSoC5/cyfitter_cfg.c **** 
 353:Generated_Source\PSoC5/cyfitter_cfg.c **** 	/* Configure alternate active mode */
 354:Generated_Source\PSoC5/cyfitter_cfg.c **** 	CYCONFIGCPY((void CYFAR *)CYDEV_PM_STBY_BASE, (const void CYFAR *)CYDEV_PM_ACT_BASE, 14u);
 366              		.loc 1 354 0
 367 007c 0E22     		movs	r2, #14
 368 007e 0C49     		ldr	r1, .L25+40
 369 0080 0C48     		ldr	r0, .L25+44
 370 0082 FFF7FEFF 		bl	CYCONFIGCPY
 371              	.LVL27:
 372 0086 38BD     		pop	{r3, r4, r5, pc}
 373              	.L26:
 374              		.align	2
 375              	.L25:
 376 0088 00000000 		.word	.LANCHOR0
 377 008c 03500140 		.word	1073827843
 378 0090 00510040 		.word	1073762560
 379 0094 0C000048 		.word	1207959564
 380 0098 12510040 		.word	1073762578
 381 009c 14000048 		.word	1207959572
 382 00a0 22510040 		.word	1073762594
 383 00a4 22430040 		.word	1073759010
 384 00a8 00480040 		.word	1073760256
 385 00ac 04000840 		.word	1074266116
 386 00b0 A0430040 		.word	1073759136
 387 00b4 B0430040 		.word	1073759152
 388              		.cfi_endproc
 389              	.LFE7:
 390              		.size	cyfitter_cfg, .-cyfitter_cfg
 391              		.section	.rodata
 392              		.align	2
 393              		.set	.LANCHOR0,. + 0
 394              		.type	cfg_memset_list.4981, %object
 395              		.size	cfg_memset_list.4981, 48
 396              	cfg_memset_list.4981:
 397 0000 30510040 		.word	1073762608
 398 0004 4000     		.short	64
 399 0006 C0510040 		.4byte	1073762752
 400 000a 1000     		.short	16
 401 000c F0510040 		.word	1073762800
 402 0010 1000     		.short	16
 403 0012 00000140 		.4byte	1073807360
 404 0016 0010     		.short	4096
 405 0018 00140140 		.word	1073812480
 406 001c 0008     		.short	2048
 407 001e 00400140 		.4byte	1073823744
 408 0022 000A     		.short	2560
 409 0024 004C0140 		.word	1073826816
 410 0028 0002     		.short	512
 411 002a 00500140 		.4byte	1073827840
 412 002e 2000     		.short	32
 413              		.text
 414              	.Letext0:
 415              		.file 2 "d:\\program files (x86)\\psoc creator\\4.4\\psoc creator\\import\\gnu\\arm\\5.4.1\\lib\\g
 416              		.file 3 "Generated_Source\\PSoC5\\cytypes.h"
 417              		.file 4 "Generated_Source\\PSoC5\\CyLib.h"
 418              		.section	.debug_info,"",%progbits
ARM GAS  C:\Users\hamis\AppData\Local\Temp\cc9jSbtU.s 			page 15


 419              	.Ldebug_info0:
 420 0000 E3030000 		.4byte	0x3e3
 421 0004 0400     		.2byte	0x4
 422 0006 00000000 		.4byte	.Ldebug_abbrev0
 423 000a 04       		.byte	0x4
 424 000b 01       		.uleb128 0x1
 425 000c 86000000 		.4byte	.LASF38
 426 0010 0C       		.byte	0xc
 427 0011 09020000 		.4byte	.LASF39
 428 0015 7A010000 		.4byte	.LASF40
 429 0019 00000000 		.4byte	.Ldebug_ranges0+0
 430 001d 00000000 		.4byte	0
 431 0021 00000000 		.4byte	.Ldebug_line0
 432 0025 02       		.uleb128 0x2
 433 0026 04       		.byte	0x4
 434 0027 05       		.byte	0x5
 435 0028 696E7400 		.ascii	"int\000"
 436 002c 03       		.uleb128 0x3
 437 002d 14000000 		.4byte	.LASF12
 438 0031 02       		.byte	0x2
 439 0032 D8       		.byte	0xd8
 440 0033 37000000 		.4byte	0x37
 441 0037 04       		.uleb128 0x4
 442 0038 04       		.byte	0x4
 443 0039 07       		.byte	0x7
 444 003a B9010000 		.4byte	.LASF0
 445 003e 04       		.uleb128 0x4
 446 003f 08       		.byte	0x8
 447 0040 05       		.byte	0x5
 448 0041 FB010000 		.4byte	.LASF1
 449 0045 04       		.uleb128 0x4
 450 0046 08       		.byte	0x8
 451 0047 04       		.byte	0x4
 452 0048 56020000 		.4byte	.LASF2
 453 004c 04       		.uleb128 0x4
 454 004d 01       		.byte	0x1
 455 004e 06       		.byte	0x6
 456 004f 74020000 		.4byte	.LASF3
 457 0053 04       		.uleb128 0x4
 458 0054 01       		.byte	0x1
 459 0055 08       		.byte	0x8
 460 0056 51010000 		.4byte	.LASF4
 461 005a 04       		.uleb128 0x4
 462 005b 02       		.byte	0x2
 463 005c 05       		.byte	0x5
 464 005d 36020000 		.4byte	.LASF5
 465 0061 04       		.uleb128 0x4
 466 0062 02       		.byte	0x2
 467 0063 07       		.byte	0x7
 468 0064 4F000000 		.4byte	.LASF6
 469 0068 04       		.uleb128 0x4
 470 0069 04       		.byte	0x4
 471 006a 05       		.byte	0x5
 472 006b 48020000 		.4byte	.LASF7
 473 006f 04       		.uleb128 0x4
 474 0070 04       		.byte	0x4
 475 0071 07       		.byte	0x7
ARM GAS  C:\Users\hamis\AppData\Local\Temp\cc9jSbtU.s 			page 16


 476 0072 19010000 		.4byte	.LASF8
 477 0076 04       		.uleb128 0x4
 478 0077 08       		.byte	0x8
 479 0078 07       		.byte	0x7
 480 0079 CE010000 		.4byte	.LASF9
 481 007d 04       		.uleb128 0x4
 482 007e 04       		.byte	0x4
 483 007f 07       		.byte	0x7
 484 0080 F2010000 		.4byte	.LASF10
 485 0084 05       		.uleb128 0x5
 486 0085 04       		.byte	0x4
 487 0086 04       		.uleb128 0x4
 488 0087 01       		.byte	0x1
 489 0088 08       		.byte	0x8
 490 0089 51020000 		.4byte	.LASF11
 491 008d 06       		.uleb128 0x6
 492 008e 2B010000 		.4byte	.LASF13
 493 0092 03       		.byte	0x3
 494 0093 9201     		.2byte	0x192
 495 0095 53000000 		.4byte	0x53
 496 0099 06       		.uleb128 0x6
 497 009a A1010000 		.4byte	.LASF14
 498 009e 03       		.byte	0x3
 499 009f 9301     		.2byte	0x193
 500 00a1 61000000 		.4byte	0x61
 501 00a5 06       		.uleb128 0x6
 502 00a6 B2010000 		.4byte	.LASF15
 503 00aa 03       		.byte	0x3
 504 00ab 9401     		.2byte	0x194
 505 00ad 6F000000 		.4byte	0x6f
 506 00b1 04       		.uleb128 0x4
 507 00b2 04       		.byte	0x4
 508 00b3 04       		.byte	0x4
 509 00b4 62000000 		.4byte	.LASF16
 510 00b8 04       		.uleb128 0x4
 511 00b9 08       		.byte	0x8
 512 00ba 04       		.byte	0x4
 513 00bb 66010000 		.4byte	.LASF17
 514 00bf 06       		.uleb128 0x6
 515 00c0 14010000 		.4byte	.LASF18
 516 00c4 03       		.byte	0x3
 517 00c5 3C02     		.2byte	0x23c
 518 00c7 CB000000 		.4byte	0xcb
 519 00cb 07       		.uleb128 0x7
 520 00cc 8D000000 		.4byte	0x8d
 521 00d0 06       		.uleb128 0x6
 522 00d1 00000000 		.4byte	.LASF19
 523 00d5 03       		.byte	0x3
 524 00d6 3D02     		.2byte	0x23d
 525 00d8 DC000000 		.4byte	0xdc
 526 00dc 07       		.uleb128 0x7
 527 00dd 99000000 		.4byte	0x99
 528 00e1 08       		.uleb128 0x8
 529 00e2 68000000 		.4byte	.LASF41
 530 00e6 01       		.byte	0x1
 531 00e7 7F       		.byte	0x7f
 532 00e8 00000000 		.4byte	.LFB3
ARM GAS  C:\Users\hamis\AppData\Local\Temp\cc9jSbtU.s 			page 17


 533 00ec 02000000 		.4byte	.LFE3-.LFB3
 534 00f0 01       		.uleb128 0x1
 535 00f1 9C       		.byte	0x9c
 536 00f2 04010000 		.4byte	0x104
 537 00f6 09       		.uleb128 0x9
 538 00f7 A8010000 		.4byte	.LASF22
 539 00fb 01       		.byte	0x1
 540 00fc 7F       		.byte	0x7f
 541 00fd 8D000000 		.4byte	0x8d
 542 0101 01       		.uleb128 0x1
 543 0102 50       		.byte	0x50
 544 0103 00       		.byte	0
 545 0104 0A       		.uleb128 0xa
 546 0105 1B000000 		.4byte	.LASF20
 547 0109 01       		.byte	0x1
 548 010a EA       		.byte	0xea
 549 010b 00000000 		.4byte	.LFB5
 550 010f 28000000 		.4byte	.LFE5-.LFB5
 551 0113 01       		.uleb128 0x1
 552 0114 9C       		.byte	0x9c
 553 0115 29010000 		.4byte	0x129
 554 0119 0B       		.uleb128 0xb
 555 011a 62020000 		.4byte	.LASF24
 556 011e 01       		.byte	0x1
 557 011f EC       		.byte	0xec
 558 0120 8D000000 		.4byte	0x8d
 559 0124 00000000 		.4byte	.LLST0
 560 0128 00       		.byte	0
 561 0129 0A       		.uleb128 0xa
 562 012a 31010000 		.4byte	.LASF21
 563 012e 01       		.byte	0x1
 564 012f 4D       		.byte	0x4d
 565 0130 00000000 		.4byte	.LFB0
 566 0134 0C000000 		.4byte	.LFE0-.LFB0
 567 0138 01       		.uleb128 0x1
 568 0139 9C       		.byte	0x9c
 569 013a 76010000 		.4byte	0x176
 570 013e 0C       		.uleb128 0xc
 571 013f 7300     		.ascii	"s\000"
 572 0141 01       		.byte	0x1
 573 0142 4D       		.byte	0x4d
 574 0143 84000000 		.4byte	0x84
 575 0147 13000000 		.4byte	.LLST1
 576 014b 0C       		.uleb128 0xc
 577 014c 6E00     		.ascii	"n\000"
 578 014e 01       		.byte	0x1
 579 014f 4D       		.byte	0x4d
 580 0150 2C000000 		.4byte	0x2c
 581 0154 34000000 		.4byte	.LLST2
 582 0158 0D       		.uleb128 0xd
 583 0159 0A000000 		.4byte	.LVL5
 584 015d C9030000 		.4byte	0x3c9
 585 0161 0E       		.uleb128 0xe
 586 0162 01       		.uleb128 0x1
 587 0163 50       		.byte	0x50
 588 0164 03       		.uleb128 0x3
 589 0165 F3       		.byte	0xf3
ARM GAS  C:\Users\hamis\AppData\Local\Temp\cc9jSbtU.s 			page 18


 590 0166 01       		.uleb128 0x1
 591 0167 50       		.byte	0x50
 592 0168 0E       		.uleb128 0xe
 593 0169 01       		.uleb128 0x1
 594 016a 51       		.byte	0x51
 595 016b 01       		.uleb128 0x1
 596 016c 30       		.byte	0x30
 597 016d 0E       		.uleb128 0xe
 598 016e 01       		.uleb128 0x1
 599 016f 52       		.byte	0x52
 600 0170 03       		.uleb128 0x3
 601 0171 F3       		.byte	0xf3
 602 0172 01       		.uleb128 0x1
 603 0173 51       		.byte	0x51
 604 0174 00       		.byte	0
 605 0175 00       		.byte	0
 606 0176 0A       		.uleb128 0xa
 607 0177 44000000 		.4byte	.LASF23
 608 017b 01       		.byte	0x1
 609 017c B2       		.byte	0xb2
 610 017d 00000000 		.4byte	.LFB4
 611 0181 88000000 		.4byte	.LFE4-.LFB4
 612 0185 01       		.uleb128 0x1
 613 0186 9C       		.byte	0x9c
 614 0187 BF010000 		.4byte	0x1bf
 615 018b 0B       		.uleb128 0xb
 616 018c 2C000000 		.4byte	.LASF25
 617 0190 01       		.byte	0x1
 618 0191 B4       		.byte	0xb4
 619 0192 A5000000 		.4byte	0xa5
 620 0196 60000000 		.4byte	.LLST3
 621 019a 0F       		.uleb128 0xf
 622 019b 26000000 		.4byte	.LVL8
 623 019f D2030000 		.4byte	0x3d2
 624 01a3 AF010000 		.4byte	0x1af
 625 01a7 0E       		.uleb128 0xe
 626 01a8 01       		.uleb128 0x1
 627 01a9 50       		.byte	0x50
 628 01aa 03       		.uleb128 0x3
 629 01ab 0A       		.byte	0xa
 630 01ac E001     		.2byte	0x1e0
 631 01ae 00       		.byte	0
 632 01af 0D       		.uleb128 0xd
 633 01b0 3C000000 		.4byte	.LVL10
 634 01b4 E1000000 		.4byte	0xe1
 635 01b8 0E       		.uleb128 0xe
 636 01b9 01       		.uleb128 0x1
 637 01ba 50       		.byte	0x50
 638 01bb 01       		.uleb128 0x1
 639 01bc 31       		.byte	0x31
 640 01bd 00       		.byte	0
 641 01be 00       		.byte	0
 642 01bf 0A       		.uleb128 0xa
 643 01c0 89020000 		.4byte	.LASF26
 644 01c4 01       		.byte	0x1
 645 01c5 54       		.byte	0x54
 646 01c6 00000000 		.4byte	.LFB1
ARM GAS  C:\Users\hamis\AppData\Local\Temp\cc9jSbtU.s 			page 19


 647 01ca 08000000 		.4byte	.LFE1-.LFB1
 648 01ce 01       		.uleb128 0x1
 649 01cf 9C       		.byte	0x9c
 650 01d0 1F020000 		.4byte	0x21f
 651 01d4 10       		.uleb128 0x10
 652 01d5 7C000000 		.4byte	.LASF27
 653 01d9 01       		.byte	0x1
 654 01da 54       		.byte	0x54
 655 01db 84000000 		.4byte	0x84
 656 01df 81000000 		.4byte	.LLST4
 657 01e3 0C       		.uleb128 0xc
 658 01e4 73726300 		.ascii	"src\000"
 659 01e8 01       		.byte	0x1
 660 01e9 54       		.byte	0x54
 661 01ea 1F020000 		.4byte	0x21f
 662 01ee A2000000 		.4byte	.LLST5
 663 01f2 0C       		.uleb128 0xc
 664 01f3 6E00     		.ascii	"n\000"
 665 01f5 01       		.byte	0x1
 666 01f6 54       		.byte	0x54
 667 01f7 2C000000 		.4byte	0x2c
 668 01fb C3000000 		.4byte	.LLST6
 669 01ff 0D       		.uleb128 0xd
 670 0200 06000000 		.4byte	.LVL13
 671 0204 DD030000 		.4byte	0x3dd
 672 0208 0E       		.uleb128 0xe
 673 0209 01       		.uleb128 0x1
 674 020a 50       		.byte	0x50
 675 020b 03       		.uleb128 0x3
 676 020c F3       		.byte	0xf3
 677 020d 01       		.uleb128 0x1
 678 020e 50       		.byte	0x50
 679 020f 0E       		.uleb128 0xe
 680 0210 01       		.uleb128 0x1
 681 0211 51       		.byte	0x51
 682 0212 03       		.uleb128 0x3
 683 0213 F3       		.byte	0xf3
 684 0214 01       		.uleb128 0x1
 685 0215 51       		.byte	0x51
 686 0216 0E       		.uleb128 0xe
 687 0217 01       		.uleb128 0x1
 688 0218 52       		.byte	0x52
 689 0219 03       		.uleb128 0x3
 690 021a F3       		.byte	0xf3
 691 021b 01       		.uleb128 0x1
 692 021c 52       		.byte	0x52
 693 021d 00       		.byte	0
 694 021e 00       		.byte	0
 695 021f 11       		.uleb128 0x11
 696 0220 04       		.byte	0x4
 697 0221 25020000 		.4byte	0x225
 698 0225 12       		.uleb128 0x12
 699 0226 13       		.uleb128 0x13
 700 0227 3B010000 		.4byte	.LASF30
 701 022b 01       		.byte	0x1
 702 022c 0401     		.2byte	0x104
 703 022e 00000000 		.4byte	.LFB6
ARM GAS  C:\Users\hamis\AppData\Local\Temp\cc9jSbtU.s 			page 20


 704 0232 10000000 		.4byte	.LFE6-.LFB6
 705 0236 01       		.uleb128 0x1
 706 0237 9C       		.byte	0x9c
 707 0238 59020000 		.4byte	0x259
 708 023c 14       		.uleb128 0x14
 709 023d 40020000 		.4byte	.LASF28
 710 0241 01       		.byte	0x1
 711 0242 0401     		.2byte	0x104
 712 0244 8D000000 		.4byte	0x8d
 713 0248 01       		.uleb128 0x1
 714 0249 50       		.byte	0x50
 715 024a 15       		.uleb128 0x15
 716 024b 80020000 		.4byte	.LASF29
 717 024f 01       		.byte	0x1
 718 0250 0601     		.2byte	0x106
 719 0252 8D000000 		.4byte	0x8d
 720 0256 01       		.uleb128 0x1
 721 0257 53       		.byte	0x53
 722 0258 00       		.byte	0
 723 0259 13       		.uleb128 0x13
 724 025a 6D010000 		.4byte	.LASF31
 725 025e 01       		.byte	0x1
 726 025f 2601     		.2byte	0x126
 727 0261 00000000 		.4byte	.LFB7
 728 0265 B8000000 		.4byte	.LFE7-.LFB7
 729 0269 01       		.uleb128 0x1
 730 026a 9C       		.byte	0x9c
 731 026b C9030000 		.4byte	0x3c9
 732 026f 16       		.uleb128 0x16
 733 0270 04000000 		.4byte	.LBB2
 734 0274 36000000 		.4byte	.LBE2-.LBB2
 735 0278 28030000 		.4byte	0x328
 736 027c 17       		.uleb128 0x17
 737 027d 06       		.byte	0x6
 738 027e 01       		.byte	0x1
 739 027f 2F01     		.2byte	0x12f
 740 0281 A0020000 		.4byte	0x2a0
 741 0285 18       		.uleb128 0x18
 742 0286 C6010000 		.4byte	.LASF32
 743 028a 01       		.byte	0x1
 744 028b 3001     		.2byte	0x130
 745 028d 84000000 		.4byte	0x84
 746 0291 00       		.byte	0
 747 0292 18       		.uleb128 0x18
 748 0293 81000000 		.4byte	.LASF33
 749 0297 01       		.byte	0x1
 750 0298 3101     		.2byte	0x131
 751 029a 99000000 		.4byte	0x99
 752 029e 04       		.byte	0x4
 753 029f 00       		.byte	0
 754 02a0 06       		.uleb128 0x6
 755 02a1 E5010000 		.4byte	.LASF34
 756 02a5 01       		.byte	0x1
 757 02a6 3201     		.2byte	0x132
 758 02a8 7C020000 		.4byte	0x27c
 759 02ac 19       		.uleb128 0x19
 760 02ad BC020000 		.4byte	0x2bc
ARM GAS  C:\Users\hamis\AppData\Local\Temp\cc9jSbtU.s 			page 21


 761 02b1 BC020000 		.4byte	0x2bc
 762 02b5 1A       		.uleb128 0x1a
 763 02b6 7D000000 		.4byte	0x7d
 764 02ba 07       		.byte	0x7
 765 02bb 00       		.byte	0
 766 02bc 1B       		.uleb128 0x1b
 767 02bd A0020000 		.4byte	0x2a0
 768 02c1 15       		.uleb128 0x15
 769 02c2 34000000 		.4byte	.LASF35
 770 02c6 01       		.byte	0x1
 771 02c7 3401     		.2byte	0x134
 772 02c9 D3020000 		.4byte	0x2d3
 773 02cd 05       		.uleb128 0x5
 774 02ce 03       		.byte	0x3
 775 02cf 00000000 		.4byte	cfg_memset_list.4981
 776 02d3 1B       		.uleb128 0x1b
 777 02d4 AC020000 		.4byte	0x2ac
 778 02d8 1C       		.uleb128 0x1c
 779 02d9 6900     		.ascii	"i\000"
 780 02db 01       		.byte	0x1
 781 02dc 4001     		.2byte	0x140
 782 02de 8D000000 		.4byte	0x8d
 783 02e2 E4000000 		.4byte	.LLST7
 784 02e6 1D       		.uleb128 0x1d
 785 02e7 08000000 		.4byte	.LBB3
 786 02eb 16000000 		.4byte	.LBE3-.LBB3
 787 02ef 1C       		.uleb128 0x1c
 788 02f0 6D7300   		.ascii	"ms\000"
 789 02f3 01       		.byte	0x1
 790 02f4 4501     		.2byte	0x145
 791 02f6 FE020000 		.4byte	0x2fe
 792 02fa 0E010000 		.4byte	.LLST8
 793 02fe 11       		.uleb128 0x11
 794 02ff 04       		.byte	0x4
 795 0300 BC020000 		.4byte	0x2bc
 796 0304 0D       		.uleb128 0xd
 797 0305 1E000000 		.4byte	.LVL18
 798 0309 29010000 		.4byte	0x129
 799 030d 0E       		.uleb128 0xe
 800 030e 01       		.uleb128 0x1
 801 030f 51       		.byte	0x51
 802 0310 14       		.uleb128 0x14
 803 0311 74       		.byte	0x74
 804 0312 00       		.sleb128 0
 805 0313 31       		.byte	0x31
 806 0314 24       		.byte	0x24
 807 0315 74       		.byte	0x74
 808 0316 00       		.sleb128 0
 809 0317 22       		.byte	0x22
 810 0318 31       		.byte	0x31
 811 0319 24       		.byte	0x24
 812 031a 75       		.byte	0x75
 813 031b 00       		.sleb128 0
 814 031c 22       		.byte	0x22
 815 031d 23       		.byte	0x23
 816 031e 04       		.uleb128 0x4
 817 031f 94       		.byte	0x94
ARM GAS  C:\Users\hamis\AppData\Local\Temp\cc9jSbtU.s 			page 22


 818 0320 02       		.byte	0x2
 819 0321 0A       		.byte	0xa
 820 0322 FFFF     		.2byte	0xffff
 821 0324 1A       		.byte	0x1a
 822 0325 00       		.byte	0
 823 0326 00       		.byte	0
 824 0327 00       		.byte	0
 825 0328 0F       		.uleb128 0xf
 826 0329 46000000 		.4byte	.LVL21
 827 032d BF010000 		.4byte	0x1bf
 828 0331 4B030000 		.4byte	0x34b
 829 0335 0E       		.uleb128 0xe
 830 0336 01       		.uleb128 0x1
 831 0337 50       		.byte	0x50
 832 0338 05       		.uleb128 0x5
 833 0339 0C       		.byte	0xc
 834 033a 00510040 		.4byte	0x40005100
 835 033e 0E       		.uleb128 0xe
 836 033f 01       		.uleb128 0x1
 837 0340 51       		.byte	0x51
 838 0341 03       		.uleb128 0x3
 839 0342 42       		.byte	0x42
 840 0343 4A       		.byte	0x4a
 841 0344 24       		.byte	0x24
 842 0345 0E       		.uleb128 0xe
 843 0346 01       		.uleb128 0x1
 844 0347 52       		.byte	0x52
 845 0348 01       		.uleb128 0x1
 846 0349 3A       		.byte	0x3a
 847 034a 00       		.byte	0
 848 034b 0F       		.uleb128 0xf
 849 034c 50000000 		.4byte	.LVL22
 850 0350 BF010000 		.4byte	0x1bf
 851 0354 70030000 		.4byte	0x370
 852 0358 0E       		.uleb128 0xe
 853 0359 01       		.uleb128 0x1
 854 035a 50       		.byte	0x50
 855 035b 05       		.uleb128 0x5
 856 035c 0C       		.byte	0xc
 857 035d 12510040 		.4byte	0x40005112
 858 0361 0E       		.uleb128 0xe
 859 0362 01       		.uleb128 0x1
 860 0363 51       		.byte	0x51
 861 0364 05       		.uleb128 0x5
 862 0365 0C       		.byte	0xc
 863 0366 0C000048 		.4byte	0x4800000c
 864 036a 0E       		.uleb128 0xe
 865 036b 01       		.uleb128 0x1
 866 036c 52       		.byte	0x52
 867 036d 01       		.uleb128 0x1
 868 036e 38       		.byte	0x38
 869 036f 00       		.byte	0
 870 0370 0F       		.uleb128 0xf
 871 0371 5A000000 		.4byte	.LVL23
 872 0375 BF010000 		.4byte	0x1bf
 873 0379 95030000 		.4byte	0x395
 874 037d 0E       		.uleb128 0xe
ARM GAS  C:\Users\hamis\AppData\Local\Temp\cc9jSbtU.s 			page 23


 875 037e 01       		.uleb128 0x1
 876 037f 50       		.byte	0x50
 877 0380 05       		.uleb128 0x5
 878 0381 0C       		.byte	0xc
 879 0382 22510040 		.4byte	0x40005122
 880 0386 0E       		.uleb128 0xe
 881 0387 01       		.uleb128 0x1
 882 0388 51       		.byte	0x51
 883 0389 05       		.uleb128 0x5
 884 038a 0C       		.byte	0xc
 885 038b 14000048 		.4byte	0x48000014
 886 038f 0E       		.uleb128 0xe
 887 0390 01       		.uleb128 0x1
 888 0391 52       		.byte	0x52
 889 0392 01       		.uleb128 0x1
 890 0393 38       		.byte	0x38
 891 0394 00       		.byte	0
 892 0395 1E       		.uleb128 0x1e
 893 0396 6E000000 		.4byte	.LVL25
 894 039a 76010000 		.4byte	0x176
 895 039e 1E       		.uleb128 0x1e
 896 039f 7C000000 		.4byte	.LVL26
 897 03a3 04010000 		.4byte	0x104
 898 03a7 0D       		.uleb128 0xd
 899 03a8 86000000 		.4byte	.LVL27
 900 03ac BF010000 		.4byte	0x1bf
 901 03b0 0E       		.uleb128 0xe
 902 03b1 01       		.uleb128 0x1
 903 03b2 50       		.byte	0x50
 904 03b3 05       		.uleb128 0x5
 905 03b4 0C       		.byte	0xc
 906 03b5 B0430040 		.4byte	0x400043b0
 907 03b9 0E       		.uleb128 0xe
 908 03ba 01       		.uleb128 0x1
 909 03bb 51       		.byte	0x51
 910 03bc 05       		.uleb128 0x5
 911 03bd 0C       		.byte	0xc
 912 03be A0430040 		.4byte	0x400043a0
 913 03c2 0E       		.uleb128 0xe
 914 03c3 01       		.uleb128 0x1
 915 03c4 52       		.byte	0x52
 916 03c5 01       		.uleb128 0x1
 917 03c6 3E       		.byte	0x3e
 918 03c7 00       		.byte	0
 919 03c8 00       		.byte	0
 920 03c9 1F       		.uleb128 0x1f
 921 03ca 5F010000 		.4byte	.LASF36
 922 03ce 5F010000 		.4byte	.LASF36
 923 03d2 20       		.uleb128 0x20
 924 03d3 06000000 		.4byte	.LASF42
 925 03d7 06000000 		.4byte	.LASF42
 926 03db 04       		.byte	0x4
 927 03dc 79       		.byte	0x79
 928 03dd 1F       		.uleb128 0x1f
 929 03de 2F020000 		.4byte	.LASF37
 930 03e2 2F020000 		.4byte	.LASF37
 931 03e6 00       		.byte	0
ARM GAS  C:\Users\hamis\AppData\Local\Temp\cc9jSbtU.s 			page 24


 932              		.section	.debug_abbrev,"",%progbits
 933              	.Ldebug_abbrev0:
 934 0000 01       		.uleb128 0x1
 935 0001 11       		.uleb128 0x11
 936 0002 01       		.byte	0x1
 937 0003 25       		.uleb128 0x25
 938 0004 0E       		.uleb128 0xe
 939 0005 13       		.uleb128 0x13
 940 0006 0B       		.uleb128 0xb
 941 0007 03       		.uleb128 0x3
 942 0008 0E       		.uleb128 0xe
 943 0009 1B       		.uleb128 0x1b
 944 000a 0E       		.uleb128 0xe
 945 000b 55       		.uleb128 0x55
 946 000c 17       		.uleb128 0x17
 947 000d 11       		.uleb128 0x11
 948 000e 01       		.uleb128 0x1
 949 000f 10       		.uleb128 0x10
 950 0010 17       		.uleb128 0x17
 951 0011 00       		.byte	0
 952 0012 00       		.byte	0
 953 0013 02       		.uleb128 0x2
 954 0014 24       		.uleb128 0x24
 955 0015 00       		.byte	0
 956 0016 0B       		.uleb128 0xb
 957 0017 0B       		.uleb128 0xb
 958 0018 3E       		.uleb128 0x3e
 959 0019 0B       		.uleb128 0xb
 960 001a 03       		.uleb128 0x3
 961 001b 08       		.uleb128 0x8
 962 001c 00       		.byte	0
 963 001d 00       		.byte	0
 964 001e 03       		.uleb128 0x3
 965 001f 16       		.uleb128 0x16
 966 0020 00       		.byte	0
 967 0021 03       		.uleb128 0x3
 968 0022 0E       		.uleb128 0xe
 969 0023 3A       		.uleb128 0x3a
 970 0024 0B       		.uleb128 0xb
 971 0025 3B       		.uleb128 0x3b
 972 0026 0B       		.uleb128 0xb
 973 0027 49       		.uleb128 0x49
 974 0028 13       		.uleb128 0x13
 975 0029 00       		.byte	0
 976 002a 00       		.byte	0
 977 002b 04       		.uleb128 0x4
 978 002c 24       		.uleb128 0x24
 979 002d 00       		.byte	0
 980 002e 0B       		.uleb128 0xb
 981 002f 0B       		.uleb128 0xb
 982 0030 3E       		.uleb128 0x3e
 983 0031 0B       		.uleb128 0xb
 984 0032 03       		.uleb128 0x3
 985 0033 0E       		.uleb128 0xe
 986 0034 00       		.byte	0
 987 0035 00       		.byte	0
 988 0036 05       		.uleb128 0x5
ARM GAS  C:\Users\hamis\AppData\Local\Temp\cc9jSbtU.s 			page 25


 989 0037 0F       		.uleb128 0xf
 990 0038 00       		.byte	0
 991 0039 0B       		.uleb128 0xb
 992 003a 0B       		.uleb128 0xb
 993 003b 00       		.byte	0
 994 003c 00       		.byte	0
 995 003d 06       		.uleb128 0x6
 996 003e 16       		.uleb128 0x16
 997 003f 00       		.byte	0
 998 0040 03       		.uleb128 0x3
 999 0041 0E       		.uleb128 0xe
 1000 0042 3A       		.uleb128 0x3a
 1001 0043 0B       		.uleb128 0xb
 1002 0044 3B       		.uleb128 0x3b
 1003 0045 05       		.uleb128 0x5
 1004 0046 49       		.uleb128 0x49
 1005 0047 13       		.uleb128 0x13
 1006 0048 00       		.byte	0
 1007 0049 00       		.byte	0
 1008 004a 07       		.uleb128 0x7
 1009 004b 35       		.uleb128 0x35
 1010 004c 00       		.byte	0
 1011 004d 49       		.uleb128 0x49
 1012 004e 13       		.uleb128 0x13
 1013 004f 00       		.byte	0
 1014 0050 00       		.byte	0
 1015 0051 08       		.uleb128 0x8
 1016 0052 2E       		.uleb128 0x2e
 1017 0053 01       		.byte	0x1
 1018 0054 03       		.uleb128 0x3
 1019 0055 0E       		.uleb128 0xe
 1020 0056 3A       		.uleb128 0x3a
 1021 0057 0B       		.uleb128 0xb
 1022 0058 3B       		.uleb128 0x3b
 1023 0059 0B       		.uleb128 0xb
 1024 005a 27       		.uleb128 0x27
 1025 005b 19       		.uleb128 0x19
 1026 005c 8701     		.uleb128 0x87
 1027 005e 19       		.uleb128 0x19
 1028 005f 11       		.uleb128 0x11
 1029 0060 01       		.uleb128 0x1
 1030 0061 12       		.uleb128 0x12
 1031 0062 06       		.uleb128 0x6
 1032 0063 40       		.uleb128 0x40
 1033 0064 18       		.uleb128 0x18
 1034 0065 9742     		.uleb128 0x2117
 1035 0067 19       		.uleb128 0x19
 1036 0068 01       		.uleb128 0x1
 1037 0069 13       		.uleb128 0x13
 1038 006a 00       		.byte	0
 1039 006b 00       		.byte	0
 1040 006c 09       		.uleb128 0x9
 1041 006d 05       		.uleb128 0x5
 1042 006e 00       		.byte	0
 1043 006f 03       		.uleb128 0x3
 1044 0070 0E       		.uleb128 0xe
 1045 0071 3A       		.uleb128 0x3a
ARM GAS  C:\Users\hamis\AppData\Local\Temp\cc9jSbtU.s 			page 26


 1046 0072 0B       		.uleb128 0xb
 1047 0073 3B       		.uleb128 0x3b
 1048 0074 0B       		.uleb128 0xb
 1049 0075 49       		.uleb128 0x49
 1050 0076 13       		.uleb128 0x13
 1051 0077 02       		.uleb128 0x2
 1052 0078 18       		.uleb128 0x18
 1053 0079 00       		.byte	0
 1054 007a 00       		.byte	0
 1055 007b 0A       		.uleb128 0xa
 1056 007c 2E       		.uleb128 0x2e
 1057 007d 01       		.byte	0x1
 1058 007e 03       		.uleb128 0x3
 1059 007f 0E       		.uleb128 0xe
 1060 0080 3A       		.uleb128 0x3a
 1061 0081 0B       		.uleb128 0xb
 1062 0082 3B       		.uleb128 0x3b
 1063 0083 0B       		.uleb128 0xb
 1064 0084 27       		.uleb128 0x27
 1065 0085 19       		.uleb128 0x19
 1066 0086 11       		.uleb128 0x11
 1067 0087 01       		.uleb128 0x1
 1068 0088 12       		.uleb128 0x12
 1069 0089 06       		.uleb128 0x6
 1070 008a 40       		.uleb128 0x40
 1071 008b 18       		.uleb128 0x18
 1072 008c 9742     		.uleb128 0x2117
 1073 008e 19       		.uleb128 0x19
 1074 008f 01       		.uleb128 0x1
 1075 0090 13       		.uleb128 0x13
 1076 0091 00       		.byte	0
 1077 0092 00       		.byte	0
 1078 0093 0B       		.uleb128 0xb
 1079 0094 34       		.uleb128 0x34
 1080 0095 00       		.byte	0
 1081 0096 03       		.uleb128 0x3
 1082 0097 0E       		.uleb128 0xe
 1083 0098 3A       		.uleb128 0x3a
 1084 0099 0B       		.uleb128 0xb
 1085 009a 3B       		.uleb128 0x3b
 1086 009b 0B       		.uleb128 0xb
 1087 009c 49       		.uleb128 0x49
 1088 009d 13       		.uleb128 0x13
 1089 009e 02       		.uleb128 0x2
 1090 009f 17       		.uleb128 0x17
 1091 00a0 00       		.byte	0
 1092 00a1 00       		.byte	0
 1093 00a2 0C       		.uleb128 0xc
 1094 00a3 05       		.uleb128 0x5
 1095 00a4 00       		.byte	0
 1096 00a5 03       		.uleb128 0x3
 1097 00a6 08       		.uleb128 0x8
 1098 00a7 3A       		.uleb128 0x3a
 1099 00a8 0B       		.uleb128 0xb
 1100 00a9 3B       		.uleb128 0x3b
 1101 00aa 0B       		.uleb128 0xb
 1102 00ab 49       		.uleb128 0x49
ARM GAS  C:\Users\hamis\AppData\Local\Temp\cc9jSbtU.s 			page 27


 1103 00ac 13       		.uleb128 0x13
 1104 00ad 02       		.uleb128 0x2
 1105 00ae 17       		.uleb128 0x17
 1106 00af 00       		.byte	0
 1107 00b0 00       		.byte	0
 1108 00b1 0D       		.uleb128 0xd
 1109 00b2 898201   		.uleb128 0x4109
 1110 00b5 01       		.byte	0x1
 1111 00b6 11       		.uleb128 0x11
 1112 00b7 01       		.uleb128 0x1
 1113 00b8 31       		.uleb128 0x31
 1114 00b9 13       		.uleb128 0x13
 1115 00ba 00       		.byte	0
 1116 00bb 00       		.byte	0
 1117 00bc 0E       		.uleb128 0xe
 1118 00bd 8A8201   		.uleb128 0x410a
 1119 00c0 00       		.byte	0
 1120 00c1 02       		.uleb128 0x2
 1121 00c2 18       		.uleb128 0x18
 1122 00c3 9142     		.uleb128 0x2111
 1123 00c5 18       		.uleb128 0x18
 1124 00c6 00       		.byte	0
 1125 00c7 00       		.byte	0
 1126 00c8 0F       		.uleb128 0xf
 1127 00c9 898201   		.uleb128 0x4109
 1128 00cc 01       		.byte	0x1
 1129 00cd 11       		.uleb128 0x11
 1130 00ce 01       		.uleb128 0x1
 1131 00cf 31       		.uleb128 0x31
 1132 00d0 13       		.uleb128 0x13
 1133 00d1 01       		.uleb128 0x1
 1134 00d2 13       		.uleb128 0x13
 1135 00d3 00       		.byte	0
 1136 00d4 00       		.byte	0
 1137 00d5 10       		.uleb128 0x10
 1138 00d6 05       		.uleb128 0x5
 1139 00d7 00       		.byte	0
 1140 00d8 03       		.uleb128 0x3
 1141 00d9 0E       		.uleb128 0xe
 1142 00da 3A       		.uleb128 0x3a
 1143 00db 0B       		.uleb128 0xb
 1144 00dc 3B       		.uleb128 0x3b
 1145 00dd 0B       		.uleb128 0xb
 1146 00de 49       		.uleb128 0x49
 1147 00df 13       		.uleb128 0x13
 1148 00e0 02       		.uleb128 0x2
 1149 00e1 17       		.uleb128 0x17
 1150 00e2 00       		.byte	0
 1151 00e3 00       		.byte	0
 1152 00e4 11       		.uleb128 0x11
 1153 00e5 0F       		.uleb128 0xf
 1154 00e6 00       		.byte	0
 1155 00e7 0B       		.uleb128 0xb
 1156 00e8 0B       		.uleb128 0xb
 1157 00e9 49       		.uleb128 0x49
 1158 00ea 13       		.uleb128 0x13
 1159 00eb 00       		.byte	0
ARM GAS  C:\Users\hamis\AppData\Local\Temp\cc9jSbtU.s 			page 28


 1160 00ec 00       		.byte	0
 1161 00ed 12       		.uleb128 0x12
 1162 00ee 26       		.uleb128 0x26
 1163 00ef 00       		.byte	0
 1164 00f0 00       		.byte	0
 1165 00f1 00       		.byte	0
 1166 00f2 13       		.uleb128 0x13
 1167 00f3 2E       		.uleb128 0x2e
 1168 00f4 01       		.byte	0x1
 1169 00f5 3F       		.uleb128 0x3f
 1170 00f6 19       		.uleb128 0x19
 1171 00f7 03       		.uleb128 0x3
 1172 00f8 0E       		.uleb128 0xe
 1173 00f9 3A       		.uleb128 0x3a
 1174 00fa 0B       		.uleb128 0xb
 1175 00fb 3B       		.uleb128 0x3b
 1176 00fc 05       		.uleb128 0x5
 1177 00fd 27       		.uleb128 0x27
 1178 00fe 19       		.uleb128 0x19
 1179 00ff 11       		.uleb128 0x11
 1180 0100 01       		.uleb128 0x1
 1181 0101 12       		.uleb128 0x12
 1182 0102 06       		.uleb128 0x6
 1183 0103 40       		.uleb128 0x40
 1184 0104 18       		.uleb128 0x18
 1185 0105 9742     		.uleb128 0x2117
 1186 0107 19       		.uleb128 0x19
 1187 0108 01       		.uleb128 0x1
 1188 0109 13       		.uleb128 0x13
 1189 010a 00       		.byte	0
 1190 010b 00       		.byte	0
 1191 010c 14       		.uleb128 0x14
 1192 010d 05       		.uleb128 0x5
 1193 010e 00       		.byte	0
 1194 010f 03       		.uleb128 0x3
 1195 0110 0E       		.uleb128 0xe
 1196 0111 3A       		.uleb128 0x3a
 1197 0112 0B       		.uleb128 0xb
 1198 0113 3B       		.uleb128 0x3b
 1199 0114 05       		.uleb128 0x5
 1200 0115 49       		.uleb128 0x49
 1201 0116 13       		.uleb128 0x13
 1202 0117 02       		.uleb128 0x2
 1203 0118 18       		.uleb128 0x18
 1204 0119 00       		.byte	0
 1205 011a 00       		.byte	0
 1206 011b 15       		.uleb128 0x15
 1207 011c 34       		.uleb128 0x34
 1208 011d 00       		.byte	0
 1209 011e 03       		.uleb128 0x3
 1210 011f 0E       		.uleb128 0xe
 1211 0120 3A       		.uleb128 0x3a
 1212 0121 0B       		.uleb128 0xb
 1213 0122 3B       		.uleb128 0x3b
 1214 0123 05       		.uleb128 0x5
 1215 0124 49       		.uleb128 0x49
 1216 0125 13       		.uleb128 0x13
ARM GAS  C:\Users\hamis\AppData\Local\Temp\cc9jSbtU.s 			page 29


 1217 0126 02       		.uleb128 0x2
 1218 0127 18       		.uleb128 0x18
 1219 0128 00       		.byte	0
 1220 0129 00       		.byte	0
 1221 012a 16       		.uleb128 0x16
 1222 012b 0B       		.uleb128 0xb
 1223 012c 01       		.byte	0x1
 1224 012d 11       		.uleb128 0x11
 1225 012e 01       		.uleb128 0x1
 1226 012f 12       		.uleb128 0x12
 1227 0130 06       		.uleb128 0x6
 1228 0131 01       		.uleb128 0x1
 1229 0132 13       		.uleb128 0x13
 1230 0133 00       		.byte	0
 1231 0134 00       		.byte	0
 1232 0135 17       		.uleb128 0x17
 1233 0136 13       		.uleb128 0x13
 1234 0137 01       		.byte	0x1
 1235 0138 0B       		.uleb128 0xb
 1236 0139 0B       		.uleb128 0xb
 1237 013a 3A       		.uleb128 0x3a
 1238 013b 0B       		.uleb128 0xb
 1239 013c 3B       		.uleb128 0x3b
 1240 013d 05       		.uleb128 0x5
 1241 013e 01       		.uleb128 0x1
 1242 013f 13       		.uleb128 0x13
 1243 0140 00       		.byte	0
 1244 0141 00       		.byte	0
 1245 0142 18       		.uleb128 0x18
 1246 0143 0D       		.uleb128 0xd
 1247 0144 00       		.byte	0
 1248 0145 03       		.uleb128 0x3
 1249 0146 0E       		.uleb128 0xe
 1250 0147 3A       		.uleb128 0x3a
 1251 0148 0B       		.uleb128 0xb
 1252 0149 3B       		.uleb128 0x3b
 1253 014a 05       		.uleb128 0x5
 1254 014b 49       		.uleb128 0x49
 1255 014c 13       		.uleb128 0x13
 1256 014d 38       		.uleb128 0x38
 1257 014e 0B       		.uleb128 0xb
 1258 014f 00       		.byte	0
 1259 0150 00       		.byte	0
 1260 0151 19       		.uleb128 0x19
 1261 0152 01       		.uleb128 0x1
 1262 0153 01       		.byte	0x1
 1263 0154 49       		.uleb128 0x49
 1264 0155 13       		.uleb128 0x13
 1265 0156 01       		.uleb128 0x1
 1266 0157 13       		.uleb128 0x13
 1267 0158 00       		.byte	0
 1268 0159 00       		.byte	0
 1269 015a 1A       		.uleb128 0x1a
 1270 015b 21       		.uleb128 0x21
 1271 015c 00       		.byte	0
 1272 015d 49       		.uleb128 0x49
 1273 015e 13       		.uleb128 0x13
ARM GAS  C:\Users\hamis\AppData\Local\Temp\cc9jSbtU.s 			page 30


 1274 015f 2F       		.uleb128 0x2f
 1275 0160 0B       		.uleb128 0xb
 1276 0161 00       		.byte	0
 1277 0162 00       		.byte	0
 1278 0163 1B       		.uleb128 0x1b
 1279 0164 26       		.uleb128 0x26
 1280 0165 00       		.byte	0
 1281 0166 49       		.uleb128 0x49
 1282 0167 13       		.uleb128 0x13
 1283 0168 00       		.byte	0
 1284 0169 00       		.byte	0
 1285 016a 1C       		.uleb128 0x1c
 1286 016b 34       		.uleb128 0x34
 1287 016c 00       		.byte	0
 1288 016d 03       		.uleb128 0x3
 1289 016e 08       		.uleb128 0x8
 1290 016f 3A       		.uleb128 0x3a
 1291 0170 0B       		.uleb128 0xb
 1292 0171 3B       		.uleb128 0x3b
 1293 0172 05       		.uleb128 0x5
 1294 0173 49       		.uleb128 0x49
 1295 0174 13       		.uleb128 0x13
 1296 0175 02       		.uleb128 0x2
 1297 0176 17       		.uleb128 0x17
 1298 0177 00       		.byte	0
 1299 0178 00       		.byte	0
 1300 0179 1D       		.uleb128 0x1d
 1301 017a 0B       		.uleb128 0xb
 1302 017b 01       		.byte	0x1
 1303 017c 11       		.uleb128 0x11
 1304 017d 01       		.uleb128 0x1
 1305 017e 12       		.uleb128 0x12
 1306 017f 06       		.uleb128 0x6
 1307 0180 00       		.byte	0
 1308 0181 00       		.byte	0
 1309 0182 1E       		.uleb128 0x1e
 1310 0183 898201   		.uleb128 0x4109
 1311 0186 00       		.byte	0
 1312 0187 11       		.uleb128 0x11
 1313 0188 01       		.uleb128 0x1
 1314 0189 31       		.uleb128 0x31
 1315 018a 13       		.uleb128 0x13
 1316 018b 00       		.byte	0
 1317 018c 00       		.byte	0
 1318 018d 1F       		.uleb128 0x1f
 1319 018e 2E       		.uleb128 0x2e
 1320 018f 00       		.byte	0
 1321 0190 3F       		.uleb128 0x3f
 1322 0191 19       		.uleb128 0x19
 1323 0192 3C       		.uleb128 0x3c
 1324 0193 19       		.uleb128 0x19
 1325 0194 6E       		.uleb128 0x6e
 1326 0195 0E       		.uleb128 0xe
 1327 0196 03       		.uleb128 0x3
 1328 0197 0E       		.uleb128 0xe
 1329 0198 00       		.byte	0
 1330 0199 00       		.byte	0
ARM GAS  C:\Users\hamis\AppData\Local\Temp\cc9jSbtU.s 			page 31


 1331 019a 20       		.uleb128 0x20
 1332 019b 2E       		.uleb128 0x2e
 1333 019c 00       		.byte	0
 1334 019d 3F       		.uleb128 0x3f
 1335 019e 19       		.uleb128 0x19
 1336 019f 3C       		.uleb128 0x3c
 1337 01a0 19       		.uleb128 0x19
 1338 01a1 6E       		.uleb128 0x6e
 1339 01a2 0E       		.uleb128 0xe
 1340 01a3 03       		.uleb128 0x3
 1341 01a4 0E       		.uleb128 0xe
 1342 01a5 3A       		.uleb128 0x3a
 1343 01a6 0B       		.uleb128 0xb
 1344 01a7 3B       		.uleb128 0x3b
 1345 01a8 0B       		.uleb128 0xb
 1346 01a9 00       		.byte	0
 1347 01aa 00       		.byte	0
 1348 01ab 00       		.byte	0
 1349              		.section	.debug_loc,"",%progbits
 1350              	.Ldebug_loc0:
 1351              	.LLST0:
 1352 0000 06000000 		.4byte	.LVL1
 1353 0004 10000000 		.4byte	.LVL2
 1354 0008 0100     		.2byte	0x1
 1355 000a 53       		.byte	0x53
 1356 000b 00000000 		.4byte	0
 1357 000f 00000000 		.4byte	0
 1358              	.LLST1:
 1359 0013 00000000 		.4byte	.LVL3
 1360 0017 09000000 		.4byte	.LVL5-1
 1361 001b 0100     		.2byte	0x1
 1362 001d 50       		.byte	0x50
 1363 001e 09000000 		.4byte	.LVL5-1
 1364 0022 0C000000 		.4byte	.LFE0
 1365 0026 0400     		.2byte	0x4
 1366 0028 F3       		.byte	0xf3
 1367 0029 01       		.uleb128 0x1
 1368 002a 50       		.byte	0x50
 1369 002b 9F       		.byte	0x9f
 1370 002c 00000000 		.4byte	0
 1371 0030 00000000 		.4byte	0
 1372              	.LLST2:
 1373 0034 00000000 		.4byte	.LVL3
 1374 0038 06000000 		.4byte	.LVL4
 1375 003c 0100     		.2byte	0x1
 1376 003e 51       		.byte	0x51
 1377 003f 06000000 		.4byte	.LVL4
 1378 0043 09000000 		.4byte	.LVL5-1
 1379 0047 0100     		.2byte	0x1
 1380 0049 52       		.byte	0x52
 1381 004a 09000000 		.4byte	.LVL5-1
 1382 004e 0C000000 		.4byte	.LFE0
 1383 0052 0400     		.2byte	0x4
 1384 0054 F3       		.byte	0xf3
 1385 0055 01       		.uleb128 0x1
 1386 0056 51       		.byte	0x51
 1387 0057 9F       		.byte	0x9f
ARM GAS  C:\Users\hamis\AppData\Local\Temp\cc9jSbtU.s 			page 32


 1388 0058 00000000 		.4byte	0
 1389 005c 00000000 		.4byte	0
 1390              	.LLST3:
 1391 0060 18000000 		.4byte	.LVL6
 1392 0064 1E000000 		.4byte	.LVL7
 1393 0068 0400     		.2byte	0x4
 1394 006a 0A       		.byte	0xa
 1395 006b C832     		.2byte	0x32c8
 1396 006d 9F       		.byte	0x9f
 1397 006e 1E000000 		.4byte	.LVL7
 1398 0072 72000000 		.4byte	.LVL11
 1399 0076 0100     		.2byte	0x1
 1400 0078 54       		.byte	0x54
 1401 0079 00000000 		.4byte	0
 1402 007d 00000000 		.4byte	0
 1403              	.LLST4:
 1404 0081 00000000 		.4byte	.LVL12
 1405 0085 05000000 		.4byte	.LVL13-1
 1406 0089 0100     		.2byte	0x1
 1407 008b 50       		.byte	0x50
 1408 008c 05000000 		.4byte	.LVL13-1
 1409 0090 08000000 		.4byte	.LFE1
 1410 0094 0400     		.2byte	0x4
 1411 0096 F3       		.byte	0xf3
 1412 0097 01       		.uleb128 0x1
 1413 0098 50       		.byte	0x50
 1414 0099 9F       		.byte	0x9f
 1415 009a 00000000 		.4byte	0
 1416 009e 00000000 		.4byte	0
 1417              	.LLST5:
 1418 00a2 00000000 		.4byte	.LVL12
 1419 00a6 05000000 		.4byte	.LVL13-1
 1420 00aa 0100     		.2byte	0x1
 1421 00ac 51       		.byte	0x51
 1422 00ad 05000000 		.4byte	.LVL13-1
 1423 00b1 08000000 		.4byte	.LFE1
 1424 00b5 0400     		.2byte	0x4
 1425 00b7 F3       		.byte	0xf3
 1426 00b8 01       		.uleb128 0x1
 1427 00b9 51       		.byte	0x51
 1428 00ba 9F       		.byte	0x9f
 1429 00bb 00000000 		.4byte	0
 1430 00bf 00000000 		.4byte	0
 1431              	.LLST6:
 1432 00c3 00000000 		.4byte	.LVL12
 1433 00c7 05000000 		.4byte	.LVL13-1
 1434 00cb 0100     		.2byte	0x1
 1435 00cd 52       		.byte	0x52
 1436 00ce 05000000 		.4byte	.LVL13-1
 1437 00d2 08000000 		.4byte	.LFE1
 1438 00d6 0400     		.2byte	0x4
 1439 00d8 F3       		.byte	0xf3
 1440 00d9 01       		.uleb128 0x1
 1441 00da 52       		.byte	0x52
 1442 00db 9F       		.byte	0x9f
 1443 00dc 00000000 		.4byte	0
 1444 00e0 00000000 		.4byte	0
ARM GAS  C:\Users\hamis\AppData\Local\Temp\cc9jSbtU.s 			page 33


 1445              	.LLST7:
 1446 00e4 04000000 		.4byte	.LVL16
 1447 00e8 08000000 		.4byte	.LVL17
 1448 00ec 0200     		.2byte	0x2
 1449 00ee 30       		.byte	0x30
 1450 00ef 9F       		.byte	0x9f
 1451 00f0 08000000 		.4byte	.LVL17
 1452 00f4 20000000 		.4byte	.LVL19
 1453 00f8 0100     		.2byte	0x1
 1454 00fa 54       		.byte	0x54
 1455 00fb 22000000 		.4byte	.LVL20
 1456 00ff 66000000 		.4byte	.LVL24
 1457 0103 0100     		.2byte	0x1
 1458 0105 54       		.byte	0x54
 1459 0106 00000000 		.4byte	0
 1460 010a 00000000 		.4byte	0
 1461              	.LLST8:
 1462 010e 08000000 		.4byte	.LVL17
 1463 0112 20000000 		.4byte	.LVL19
 1464 0116 0B00     		.2byte	0xb
 1465 0118 74       		.byte	0x74
 1466 0119 00       		.sleb128 0
 1467 011a 36       		.byte	0x36
 1468 011b 1E       		.byte	0x1e
 1469 011c 03       		.byte	0x3
 1470 011d 00000000 		.4byte	cfg_memset_list.4981
 1471 0121 22       		.byte	0x22
 1472 0122 9F       		.byte	0x9f
 1473 0123 20000000 		.4byte	.LVL19
 1474 0127 22000000 		.4byte	.LVL20
 1475 012b 0B00     		.2byte	0xb
 1476 012d 74       		.byte	0x74
 1477 012e 7F       		.sleb128 -1
 1478 012f 36       		.byte	0x36
 1479 0130 1E       		.byte	0x1e
 1480 0131 03       		.byte	0x3
 1481 0132 00000000 		.4byte	cfg_memset_list.4981
 1482 0136 22       		.byte	0x22
 1483 0137 9F       		.byte	0x9f
 1484 0138 00000000 		.4byte	0
 1485 013c 00000000 		.4byte	0
 1486              		.section	.debug_aranges,"",%progbits
 1487 0000 4C000000 		.4byte	0x4c
 1488 0004 0200     		.2byte	0x2
 1489 0006 00000000 		.4byte	.Ldebug_info0
 1490 000a 04       		.byte	0x4
 1491 000b 00       		.byte	0
 1492 000c 0000     		.2byte	0
 1493 000e 0000     		.2byte	0
 1494 0010 00000000 		.4byte	.LFB3
 1495 0014 02000000 		.4byte	.LFE3-.LFB3
 1496 0018 00000000 		.4byte	.LFB5
 1497 001c 28000000 		.4byte	.LFE5-.LFB5
 1498 0020 00000000 		.4byte	.LFB0
 1499 0024 0C000000 		.4byte	.LFE0-.LFB0
 1500 0028 00000000 		.4byte	.LFB4
 1501 002c 88000000 		.4byte	.LFE4-.LFB4
ARM GAS  C:\Users\hamis\AppData\Local\Temp\cc9jSbtU.s 			page 34


 1502 0030 00000000 		.4byte	.LFB1
 1503 0034 08000000 		.4byte	.LFE1-.LFB1
 1504 0038 00000000 		.4byte	.LFB6
 1505 003c 10000000 		.4byte	.LFE6-.LFB6
 1506 0040 00000000 		.4byte	.LFB7
 1507 0044 B8000000 		.4byte	.LFE7-.LFB7
 1508 0048 00000000 		.4byte	0
 1509 004c 00000000 		.4byte	0
 1510              		.section	.debug_ranges,"",%progbits
 1511              	.Ldebug_ranges0:
 1512 0000 00000000 		.4byte	.LFB3
 1513 0004 02000000 		.4byte	.LFE3
 1514 0008 00000000 		.4byte	.LFB5
 1515 000c 28000000 		.4byte	.LFE5
 1516 0010 00000000 		.4byte	.LFB0
 1517 0014 0C000000 		.4byte	.LFE0
 1518 0018 00000000 		.4byte	.LFB4
 1519 001c 88000000 		.4byte	.LFE4
 1520 0020 00000000 		.4byte	.LFB1
 1521 0024 08000000 		.4byte	.LFE1
 1522 0028 00000000 		.4byte	.LFB6
 1523 002c 10000000 		.4byte	.LFE6
 1524 0030 00000000 		.4byte	.LFB7
 1525 0034 B8000000 		.4byte	.LFE7
 1526 0038 00000000 		.4byte	0
 1527 003c 00000000 		.4byte	0
 1528              		.section	.debug_line,"",%progbits
 1529              	.Ldebug_line0:
 1530 0000 94010000 		.section	.debug_str,"MS",%progbits,1
 1530      0200CE00 
 1530      00000201 
 1530      FB0E0D00 
 1530      01010101 
 1531              	.LASF19:
 1532 0000 72656731 		.ascii	"reg16\000"
 1532      3600
 1533              	.LASF42:
 1534 0006 43794465 		.ascii	"CyDelayCycles\000"
 1534      6C617943 
 1534      79636C65 
 1534      7300
 1535              	.LASF12:
 1536 0014 73697A65 		.ascii	"size_t\000"
 1536      5F7400
 1537              	.LASF20:
 1538 001b 416E616C 		.ascii	"AnalogSetDefault\000"
 1538      6F675365 
 1538      74446566 
 1538      61756C74 
 1538      00
 1539              	.LASF25:
 1540 002c 74696D65 		.ascii	"timeout\000"
 1540      6F757400 
 1541              	.LASF35:
 1542 0034 6366675F 		.ascii	"cfg_memset_list\000"
 1542      6D656D73 
 1542      65745F6C 
ARM GAS  C:\Users\hamis\AppData\Local\Temp\cc9jSbtU.s 			page 35


 1542      69737400 
 1543              	.LASF23:
 1544 0044 436C6F63 		.ascii	"ClockSetup\000"
 1544      6B536574 
 1544      757000
 1545              	.LASF6:
 1546 004f 73686F72 		.ascii	"short unsigned int\000"
 1546      7420756E 
 1546      7369676E 
 1546      65642069 
 1546      6E7400
 1547              	.LASF16:
 1548 0062 666C6F61 		.ascii	"float\000"
 1548      7400
 1549              	.LASF41:
 1550 0068 4379436C 		.ascii	"CyClockStartupError\000"
 1550      6F636B53 
 1550      74617274 
 1550      75704572 
 1550      726F7200 
 1551              	.LASF27:
 1552 007c 64657374 		.ascii	"dest\000"
 1552      00
 1553              	.LASF33:
 1554 0081 73697A65 		.ascii	"size\000"
 1554      00
 1555              	.LASF38:
 1556 0086 474E5520 		.ascii	"GNU C11 5.4.1 20160609 (release) [ARM/embedded-5-br"
 1556      43313120 
 1556      352E342E 
 1556      31203230 
 1556      31363036 
 1557 00b9 616E6368 		.ascii	"anch revision 237715] -mcpu=cortex-m3 -mthumb -g -O"
 1557      20726576 
 1557      6973696F 
 1557      6E203233 
 1557      37373135 
 1558 00ec 67202D66 		.ascii	"g -ffunction-sections -ffat-lto-objects\000"
 1558      66756E63 
 1558      74696F6E 
 1558      2D736563 
 1558      74696F6E 
 1559              	.LASF18:
 1560 0114 72656738 		.ascii	"reg8\000"
 1560      00
 1561              	.LASF8:
 1562 0119 6C6F6E67 		.ascii	"long unsigned int\000"
 1562      20756E73 
 1562      69676E65 
 1562      6420696E 
 1562      7400
 1563              	.LASF13:
 1564 012b 75696E74 		.ascii	"uint8\000"
 1564      3800
 1565              	.LASF21:
 1566 0131 43594D45 		.ascii	"CYMEMZERO\000"
 1566      4D5A4552 
ARM GAS  C:\Users\hamis\AppData\Local\Temp\cc9jSbtU.s 			page 36


 1566      4F00
 1567              	.LASF30:
 1568 013b 53657441 		.ascii	"SetAnalogRoutingPumps\000"
 1568      6E616C6F 
 1568      67526F75 
 1568      74696E67 
 1568      50756D70 
 1569              	.LASF4:
 1570 0151 756E7369 		.ascii	"unsigned char\000"
 1570      676E6564 
 1570      20636861 
 1570      7200
 1571              	.LASF36:
 1572 015f 6D656D73 		.ascii	"memset\000"
 1572      657400
 1573              	.LASF17:
 1574 0166 646F7562 		.ascii	"double\000"
 1574      6C6500
 1575              	.LASF31:
 1576 016d 63796669 		.ascii	"cyfitter_cfg\000"
 1576      74746572 
 1576      5F636667 
 1576      00
 1577              	.LASF40:
 1578 017a 443A5C50 		.ascii	"D:\\PSoC Programs\\clock_example_1.cydsn\000"
 1578      536F4320 
 1578      50726F67 
 1578      72616D73 
 1578      5C636C6F 
 1579              	.LASF14:
 1580 01a1 75696E74 		.ascii	"uint16\000"
 1580      313600
 1581              	.LASF22:
 1582 01a8 6572726F 		.ascii	"errorCode\000"
 1582      72436F64 
 1582      6500
 1583              	.LASF15:
 1584 01b2 75696E74 		.ascii	"uint32\000"
 1584      333200
 1585              	.LASF0:
 1586 01b9 756E7369 		.ascii	"unsigned int\000"
 1586      676E6564 
 1586      20696E74 
 1586      00
 1587              	.LASF32:
 1588 01c6 61646472 		.ascii	"address\000"
 1588      65737300 
 1589              	.LASF9:
 1590 01ce 6C6F6E67 		.ascii	"long long unsigned int\000"
 1590      206C6F6E 
 1590      6720756E 
 1590      7369676E 
 1590      65642069 
 1591              	.LASF34:
 1592 01e5 6366675F 		.ascii	"cfg_memset_t\000"
 1592      6D656D73 
 1592      65745F74 
ARM GAS  C:\Users\hamis\AppData\Local\Temp\cc9jSbtU.s 			page 37


 1592      00
 1593              	.LASF10:
 1594 01f2 73697A65 		.ascii	"sizetype\000"
 1594      74797065 
 1594      00
 1595              	.LASF1:
 1596 01fb 6C6F6E67 		.ascii	"long long int\000"
 1596      206C6F6E 
 1596      6720696E 
 1596      7400
 1597              	.LASF39:
 1598 0209 47656E65 		.ascii	"Generated_Source\\PSoC5\\cyfitter_cfg.c\000"
 1598      72617465 
 1598      645F536F 
 1598      75726365 
 1598      5C50536F 
 1599              	.LASF37:
 1600 022f 6D656D63 		.ascii	"memcpy\000"
 1600      707900
 1601              	.LASF5:
 1602 0236 73686F72 		.ascii	"short int\000"
 1602      7420696E 
 1602      7400
 1603              	.LASF28:
 1604 0240 656E6162 		.ascii	"enabled\000"
 1604      6C656400 
 1605              	.LASF7:
 1606 0248 6C6F6E67 		.ascii	"long int\000"
 1606      20696E74 
 1606      00
 1607              	.LASF11:
 1608 0251 63686172 		.ascii	"char\000"
 1608      00
 1609              	.LASF2:
 1610 0256 6C6F6E67 		.ascii	"long double\000"
 1610      20646F75 
 1610      626C6500 
 1611              	.LASF24:
 1612 0262 62675F78 		.ascii	"bg_xover_inl_trim\000"
 1612      6F766572 
 1612      5F696E6C 
 1612      5F747269 
 1612      6D00
 1613              	.LASF3:
 1614 0274 7369676E 		.ascii	"signed char\000"
 1614      65642063 
 1614      68617200 
 1615              	.LASF29:
 1616 0280 72656756 		.ascii	"regValue\000"
 1616      616C7565 
 1616      00
 1617              	.LASF26:
 1618 0289 4359434F 		.ascii	"CYCONFIGCPY\000"
 1618      4E464947 
 1618      43505900 
 1619              		.ident	"GCC: (GNU Tools for ARM Embedded Processors) 5.4.1 20160609 (release) [ARM/embedded-5-bran
